WARNING:root:You are using solc version 0.4.25, The latest supported version is 0.4.17
INFO:root:Contract smart_contract_source_code/39890.sol:MilestoneTracker:
INFO:symExec:Running, please wait...
INFO:symExec:	============ Results ===========
INFO:symExec:	  EVM code coverage: 	 44.5%
INFO:symExec:	  Callstack bug: 	 False
INFO:symExec:	  Money concurrency bug: False
INFO:symExec:	  Time dependency bug: 	 False
INFO:symExec:	  Reentrancy bug: 	 False
Traceback (most recent call last):
  File "_ctypes/callbacks.c", line 315, in 'calling callback function'
  File "/home/jion1/.local/lib/python2.7/site-packages/z3/z3.py", line 129, in _Z3python_error_handler_core
    def _Z3python_error_handler_core(c, e):
  File "/home/jion1/Downloads/oyente-0.2.7/oyente/symExec.py", line 2322, in handler
    raise Exception("timeout")
Exception: timeout
INFO:symExec:	  EVM code coverage: 	 61.0%
INFO:symExec:	  Callstack bug: 	 False
INFO:symExec:	  Money concurrency bug: False
INFO:symExec:	  Time dependency bug: 	 False
INFO:symExec:	  Reentrancy bug: 	 False
INFO:root:Contract smart_contract_source_code/39890.sol:RLP:
INFO:symExec:Running, please wait...
INFO:symExec:	============ Results ===========
INFO:symExec:	  EVM code coverage: 	 100.0%
INFO:symExec:	  Callstack bug: 	 False
INFO:symExec:	  Money concurrency bug: False
INFO:symExec:	  Time dependency bug: 	 False
INFO:symExec:	  Reentrancy bug: 	 False
INFO:symExec:	====== Analysis Completed ======
INFO:symExec:	====== Analysis Completed ======
