WARNING:root:You are using solc version 0.4.21, The latest supported version is 0.4.19
INFO:root:contract contracts/39705.sol:FDC:
INFO:symExec:	============ Results ===========
INFO:symExec:	  EVM Code Coverage: 			 40.3%
INFO:symExec:	  Integer Underflow: 			 True
INFO:symExec:	  Integer Overflow: 			 True
INFO:symExec:	  Parity Multisig Bug 2: 		 False
INFO:symExec:	  Callstack Depth Attack Vulnerability:  True
INFO:symExec:	  Transaction-Ordering Dependence (TOD): False
INFO:symExec:	  Timestamp Dependency: 		 False
INFO:symExec:	  Re-Entrancy Vulnerability: 		 False
INFO:symExec:contracts/39705.sol:740:23: Warning: Integer Underflow.
      delayPhaseEndBy(phaseOfRound0 - 1
Integer Underflow occurs if:
    phaseOfRound0 = 0
    registrarAuth = 0
    donPhase = 0
contracts/39705.sol:420:3: Warning: Integer Underflow.
  string public name
contracts/39705.sol:63:22: Warning: Integer Underflow.
    return (x * a + (b - 1
contracts/39705.sol:742:23: Warning: Integer Underflow.
      delayPhaseEndBy(phaseOfRound1 - 1
Integer Underflow occurs if:
    phaseOfRound1 = 0
    registrarAuth = 0
    donPhase = 1
INFO:symExec:contracts/39705.sol:682:3: Warning: Integer Overflow.
  function registerOffChainDonation(address addr, uint timestamp, uint chfCents,
  ^
Spanning multiple lines.
Integer Overflow occurs if:
    currency = 115792089237316195423570985008687907853269984665640564039457584007913129639935
contracts/39705.sol:205:12: Warning: Integer Overflow.
    return phaseEndTime[n-1]
contracts/39705.sol:249:7: Warning: Integer Overflow.
      phaseEndTime[i] += timeDelta
Integer Overflow occurs if:
    timedelta = 44369063854674067291029404066660873444229566625561783605068124348664876234748
    maxDelay[n] = 44369063854674067291029404066660873444229566625561783605068124348664876234748
    phaseEndTime[n] = 1
    N = 1
    phaseOfRound1 = 1
    registrarAuth = 0
    donPhase = 1
contracts/39705.sol:445:3: Warning: Integer Overflow.
  address[] public donorList
contracts/39705.sol:446:3: Warning: Integer Overflow.
  address[] public earlyContribList
contracts/39705.sol:249:7: Warning: Integer Overflow.
      phaseEndTime[i]
Integer Overflow occurs if:
    phaseOfRound1 = 115792089237316195423546465080034053631536251113206159092519684181683314098176
    maxDelay[n] = 0
    timedelta = 0
    phaseEndTime[n] = 115792089237316195423546465080034053631536251113206159092519684181683314098176
    N = 115792089237316195423546465080034053631536251113206159092519684181683314098176
    registrarAuth = 0
    donPhase = 1
INFO:symExec:contracts/39705.sol:602:12: Warning: Callstack Depth Attack Vulnerability.
    return foundationWallet.call.value(this.balance)()
contracts/39705.sol:808:12: Warning: Callstack Depth Attack Vulnerability.
    return foundationWallet.call.value(this.balance)()
INFO:symExec:	====== Analysis Completed ======
INFO:root:contract contracts/39705.sol:Parameters:
INFO:symExec:	============ Results ===========
INFO:symExec:	  EVM Code Coverage: 			 99.9%
INFO:symExec:	  Integer Underflow: 			 False
INFO:symExec:	  Integer Overflow: 			 False
INFO:symExec:	  Parity Multisig Bug 2: 		 False
INFO:symExec:	  Callstack Depth Attack Vulnerability:  False
INFO:symExec:	  Transaction-Ordering Dependence (TOD): False
INFO:symExec:	  Timestamp Dependency: 		 False
INFO:symExec:	  Re-Entrancy Vulnerability: 		 False
INFO:symExec:	====== Analysis Completed ======
INFO:root:contract contracts/39705.sol:Phased:
INFO:symExec:	============ Results ===========
INFO:symExec:	  EVM Code Coverage: 			 99.8%
INFO:symExec:	  Integer Underflow: 			 False
INFO:symExec:	  Integer Overflow: 			 True
INFO:symExec:	  Parity Multisig Bug 2: 		 False
INFO:symExec:	  Callstack Depth Attack Vulnerability:  False
INFO:symExec:	  Transaction-Ordering Dependence (TOD): False
INFO:symExec:	  Timestamp Dependency: 		 False
INFO:symExec:	  Re-Entrancy Vulnerability: 		 False
INFO:symExec:contracts/39705.sol:195:26: Warning: Integer Overflow.
    if (n < N && time >= phaseEndTime[n]
Integer Overflow occurs if:
    time = 0
    n = 57896044618658097711785492504343953926613724684887723365762331090992079306751
    N = 57896044618658097711785492504343953926613724684887723365762331090992079306752
contracts/39705.sol:178:21: Warning: Integer Overflow.
    while (n < N && phaseEndTime[n]
Integer Overflow occurs if:
    phaseEndTime[n] = 115792089237316195423570985008687907853269984665640564039457584007913129639935
    time = 115792089237316195423570985008687907853269984665640564039457584007913129639935
    N = 115792089237316195423570985008687907853269984665640564039457584007913129639933
    phaseEndTime[n] = 115792089237316195423570985008687907853269984665640564039457584007913129639935
contracts/39705.sol:162:3: Warning: Integer Overflow.
  uint[] public phaseEndTime
contracts/39705.sol:205:12: Warning: Integer Overflow.
    return phaseEndTime[n-1]
Integer Overflow occurs if:
    n = 115792082335569848633007197573932045576244532214531591869071028845388905839614
contracts/39705.sol:192:18: Warning: Integer Overflow.
    if (n > 0 && phaseEndTime[n-1]
Integer Overflow occurs if:
    n = 2
    N = 3
    time = 0
INFO:symExec:	====== Analysis Completed ======
INFO:root:contract contracts/39705.sol:StepFunction:
INFO:symExec:	============ Results ===========
INFO:symExec:	  EVM Code Coverage: 			 78.8%
INFO:symExec:	  Integer Underflow: 			 False
INFO:symExec:	  Integer Overflow: 			 False
INFO:symExec:	  Parity Multisig Bug 2: 		 False
INFO:symExec:	  Callstack Depth Attack Vulnerability:  False
INFO:symExec:	  Transaction-Ordering Dependence (TOD): False
INFO:symExec:	  Timestamp Dependency: 		 False
INFO:symExec:	  Re-Entrancy Vulnerability: 		 False
INFO:symExec:	====== Analysis Completed ======
INFO:root:contract contracts/39705.sol:Targets:
INFO:symExec:	============ Results ===========
INFO:symExec:	  EVM Code Coverage: 			 99.6%
INFO:symExec:	  Integer Underflow: 			 False
INFO:symExec:	  Integer Overflow: 			 False
INFO:symExec:	  Parity Multisig Bug 2: 		 False
INFO:symExec:	  Callstack Depth Attack Vulnerability:  False
INFO:symExec:	  Transaction-Ordering Dependence (TOD): False
INFO:symExec:	  Timestamp Dependency: 		 False
INFO:symExec:	  Re-Entrancy Vulnerability: 		 False
INFO:symExec:	====== Analysis Completed ======
INFO:root:contract contracts/39705.sol:TokenTracker:
INFO:symExec:	============ Results ===========
INFO:symExec:	  EVM Code Coverage: 			 98.6%
INFO:symExec:	  Integer Underflow: 			 True
INFO:symExec:	  Integer Overflow: 			 False
INFO:symExec:	  Parity Multisig Bug 2: 		 False
INFO:symExec:	  Callstack Depth Attack Vulnerability:  False
INFO:symExec:	  Transaction-Ordering Dependence (TOD): False
INFO:symExec:	  Timestamp Dependency: 		 False
INFO:symExec:	  Re-Entrancy Vulnerability: 		 False
INFO:symExec:contracts/39705.sol:63:22: Warning: Integer Underflow.
    return (x * a + (b - 1
Integer Underflow occurs if:
    b = 0
    a = 1
INFO:symExec:	====== Analysis Completed ======
