using torch 1.0.0
dataset LOOP_CORENODES_1317
model gcn_modify
lr 0.002
lr_decay_steps [1, 3]
wd 0.0001
dropout 0.2
filters [64, 64, 64]
n_hidden 256
epochs 50
batch_size 32
threads 2
log_interval 1
device cpu
seed 160
shuffle_nodes True
folds 5
adj_sq False
scale_identity False
use_cont_node_attr True
alpha 0.2
multi_head 4
Loading data...
Class 0: 			732 samples
Class 1: 			585 samples
feature 1, count 3082/3082
TRAIN: 1053/1317
TEST: 264/1317
FOLD 0, train 1053, test 264
Initialize model...
N trainable parameters: 41602
Train Epoch: 1 [1053/1053 (100%)] Loss: 0.596939 (avg: 0.675817)  sec/iter: 0.0065
Train Epoch: 2 [1053/1053 (100%)] Loss: 0.627360 (avg: 0.624526)  sec/iter: 0.0052
Train Epoch: 3 [1053/1053 (100%)] Loss: 0.641535 (avg: 0.605653)  sec/iter: 0.0052
Train Epoch: 4 [1053/1053 (100%)] Loss: 0.530708 (avg: 0.596862)  sec/iter: 0.0046
Train Epoch: 5 [1053/1053 (100%)] Loss: 0.633268 (avg: 0.595668)  sec/iter: 0.0045
Train Epoch: 6 [1053/1053 (100%)] Loss: 0.628594 (avg: 0.589491)  sec/iter: 0.0049
Train Epoch: 7 [1053/1053 (100%)] Loss: 0.591725 (avg: 0.590464)  sec/iter: 0.0050
Train Epoch: 8 [1053/1053 (100%)] Loss: 0.644469 (avg: 0.590849)  sec/iter: 0.0046
Train Epoch: 9 [1053/1053 (100%)] Loss: 0.582167 (avg: 0.591554)  sec/iter: 0.0045
Train Epoch: 10 [1053/1053 (100%)] Loss: 0.602216 (avg: 0.585000)  sec/iter: 0.0045
Train Epoch: 11 [1053/1053 (100%)] Loss: 0.573955 (avg: 0.585749)  sec/iter: 0.0046
Train Epoch: 12 [1053/1053 (100%)] Loss: 0.552890 (avg: 0.588292)  sec/iter: 0.0045
Train Epoch: 13 [1053/1053 (100%)] Loss: 0.715671 (avg: 0.583116)  sec/iter: 0.0046
Train Epoch: 14 [1053/1053 (100%)] Loss: 0.588971 (avg: 0.584432)  sec/iter: 0.0045
Train Epoch: 15 [1053/1053 (100%)] Loss: 0.793017 (avg: 0.584077)  sec/iter: 0.0045
Train Epoch: 16 [1053/1053 (100%)] Loss: 0.544959 (avg: 0.584904)  sec/iter: 0.0045
Train Epoch: 17 [1053/1053 (100%)] Loss: 0.549009 (avg: 0.579772)  sec/iter: 0.0045
Train Epoch: 18 [1053/1053 (100%)] Loss: 0.533050 (avg: 0.581174)  sec/iter: 0.0048
Train Epoch: 19 [1053/1053 (100%)] Loss: 0.624308 (avg: 0.584210)  sec/iter: 0.0045
Train Epoch: 20 [1053/1053 (100%)] Loss: 0.531500 (avg: 0.580074)  sec/iter: 0.0047
Train Epoch: 21 [1053/1053 (100%)] Loss: 0.651732 (avg: 0.582670)  sec/iter: 0.0046
Train Epoch: 22 [1053/1053 (100%)] Loss: 0.564442 (avg: 0.577345)  sec/iter: 0.0046
Train Epoch: 23 [1053/1053 (100%)] Loss: 0.545341 (avg: 0.581979)  sec/iter: 0.0047
Train Epoch: 24 [1053/1053 (100%)] Loss: 0.711138 (avg: 0.580735)  sec/iter: 0.0046
Train Epoch: 25 [1053/1053 (100%)] Loss: 0.641139 (avg: 0.572573)  sec/iter: 0.0047
Train Epoch: 26 [1053/1053 (100%)] Loss: 0.576468 (avg: 0.576346)  sec/iter: 0.0046
Train Epoch: 27 [1053/1053 (100%)] Loss: 0.607793 (avg: 0.576790)  sec/iter: 0.0048
Train Epoch: 28 [1053/1053 (100%)] Loss: 0.567472 (avg: 0.575013)  sec/iter: 0.0046
Train Epoch: 29 [1053/1053 (100%)] Loss: 0.627992 (avg: 0.575968)  sec/iter: 0.0049
Train Epoch: 30 [1053/1053 (100%)] Loss: 0.518902 (avg: 0.573564)  sec/iter: 0.0051
Train Epoch: 31 [1053/1053 (100%)] Loss: 0.596587 (avg: 0.573324)  sec/iter: 0.0049
Train Epoch: 32 [1053/1053 (100%)] Loss: 0.661421 (avg: 0.575245)  sec/iter: 0.0047
Train Epoch: 33 [1053/1053 (100%)] Loss: 0.716175 (avg: 0.570129)  sec/iter: 0.0047
Train Epoch: 34 [1053/1053 (100%)] Loss: 0.549746 (avg: 0.570928)  sec/iter: 0.0048
Train Epoch: 35 [1053/1053 (100%)] Loss: 0.653148 (avg: 0.568608)  sec/iter: 0.0048
Train Epoch: 36 [1053/1053 (100%)] Loss: 0.532121 (avg: 0.574419)  sec/iter: 0.0048
Train Epoch: 37 [1053/1053 (100%)] Loss: 0.590433 (avg: 0.567431)  sec/iter: 0.0049
Train Epoch: 38 [1053/1053 (100%)] Loss: 0.563602 (avg: 0.569418)  sec/iter: 0.0047
Train Epoch: 39 [1053/1053 (100%)] Loss: 0.599555 (avg: 0.567710)  sec/iter: 0.0049
Train Epoch: 40 [1053/1053 (100%)] Loss: 0.605055 (avg: 0.570495)  sec/iter: 0.0048
Train Epoch: 41 [1053/1053 (100%)] Loss: 0.503504 (avg: 0.562168)  sec/iter: 0.0048
Train Epoch: 42 [1053/1053 (100%)] Loss: 0.512426 (avg: 0.568640)  sec/iter: 0.0048
Train Epoch: 43 [1053/1053 (100%)] Loss: 0.642096 (avg: 0.564174)  sec/iter: 0.0048
Train Epoch: 44 [1053/1053 (100%)] Loss: 0.711736 (avg: 0.563010)  sec/iter: 0.0048
Train Epoch: 45 [1053/1053 (100%)] Loss: 0.556764 (avg: 0.564515)  sec/iter: 0.0054
Train Epoch: 46 [1053/1053 (100%)] Loss: 0.619217 (avg: 0.561170)  sec/iter: 0.0049
Train Epoch: 47 [1053/1053 (100%)] Loss: 0.527009 (avg: 0.560037)  sec/iter: 0.0051
Train Epoch: 48 [1053/1053 (100%)] Loss: 0.577440 (avg: 0.563944)  sec/iter: 0.0051
Train Epoch: 49 [1053/1053 (100%)] Loss: 0.567507 (avg: 0.560826)  sec/iter: 0.0050
Train Epoch: 50 [1053/1053 (100%)] Loss: 0.507160 (avg: 0.561969)  sec/iter: 0.0050
55 20 124 65
Test set (epoch 50): Average loss: 0.5769, Accuracy: (68.40%), Recall: (41.60%), Precision: (65.71%), F1-Score: (50.44%), FPR: (0.14%)  sec/iter: 0.0079

fn_list(predict == 0 & label == 1): [592, 679, 380, 430, 706, 432, 766, 22, 533, 267, 856, 807, 119, 966, 893, 188, 1042, 768, 977, 1067, 713, 876, 1005, 433, 43, 829, 462, 223, 1121, 542, 606, 869, 258, 1006, 647, 855, 531, 395, 591, 381, 867, 1065, 845, 648, 1087, 464, 589, 703, 416, 336, 868, 310, 969, 507, 565, 1086, 968, 120, 458, 1123, 1099, 92, 287, 265, 808]
fp_list(predict == 1 & label == 0): [734, 699, 1095, 1232, 1228, 661, 1300, 989, 1096, 827, 1172, 935, 322, 826, 364, 515, 453, 737, 988, 663]

TRAIN: 1053/1317
TEST: 264/1317
FOLD 1, train 1053, test 264
Initialize model...
N trainable parameters: 41602
Train Epoch: 1 [1053/1053 (100%)] Loss: 0.636555 (avg: 0.685456)  sec/iter: 0.0043
Train Epoch: 2 [1053/1053 (100%)] Loss: 0.606173 (avg: 0.631470)  sec/iter: 0.0045
Train Epoch: 3 [1053/1053 (100%)] Loss: 0.605065 (avg: 0.614687)  sec/iter: 0.0053
Train Epoch: 4 [1053/1053 (100%)] Loss: 0.589679 (avg: 0.604043)  sec/iter: 0.0046
Train Epoch: 5 [1053/1053 (100%)] Loss: 0.596159 (avg: 0.600549)  sec/iter: 0.0046
Train Epoch: 6 [1053/1053 (100%)] Loss: 0.603033 (avg: 0.599019)  sec/iter: 0.0046
Train Epoch: 7 [1053/1053 (100%)] Loss: 0.593599 (avg: 0.601250)  sec/iter: 0.0045
Train Epoch: 8 [1053/1053 (100%)] Loss: 0.531408 (avg: 0.596613)  sec/iter: 0.0045
Train Epoch: 9 [1053/1053 (100%)] Loss: 0.598088 (avg: 0.596528)  sec/iter: 0.0045
Train Epoch: 10 [1053/1053 (100%)] Loss: 0.545377 (avg: 0.596165)  sec/iter: 0.0045
Train Epoch: 11 [1053/1053 (100%)] Loss: 0.530643 (avg: 0.596409)  sec/iter: 0.0045
Train Epoch: 12 [1053/1053 (100%)] Loss: 0.566429 (avg: 0.592724)  sec/iter: 0.0045
Train Epoch: 13 [1053/1053 (100%)] Loss: 0.652864 (avg: 0.590468)  sec/iter: 0.0047
Train Epoch: 14 [1053/1053 (100%)] Loss: 0.595441 (avg: 0.593506)  sec/iter: 0.0045
Train Epoch: 15 [1053/1053 (100%)] Loss: 0.591182 (avg: 0.590783)  sec/iter: 0.0044
Train Epoch: 16 [1053/1053 (100%)] Loss: 0.503741 (avg: 0.586198)  sec/iter: 0.0046
Train Epoch: 17 [1053/1053 (100%)] Loss: 0.580809 (avg: 0.585782)  sec/iter: 0.0046
Train Epoch: 18 [1053/1053 (100%)] Loss: 0.565608 (avg: 0.583268)  sec/iter: 0.0045
Train Epoch: 19 [1053/1053 (100%)] Loss: 0.680338 (avg: 0.588233)  sec/iter: 0.0048
Train Epoch: 20 [1053/1053 (100%)] Loss: 0.522986 (avg: 0.584351)  sec/iter: 0.0046
Train Epoch: 21 [1053/1053 (100%)] Loss: 0.572410 (avg: 0.585100)  sec/iter: 0.0050
Train Epoch: 22 [1053/1053 (100%)] Loss: 0.625530 (avg: 0.584795)  sec/iter: 0.0052
Train Epoch: 23 [1053/1053 (100%)] Loss: 0.503150 (avg: 0.581877)  sec/iter: 0.0049
Train Epoch: 24 [1053/1053 (100%)] Loss: 0.618057 (avg: 0.582236)  sec/iter: 0.0048
Train Epoch: 25 [1053/1053 (100%)] Loss: 0.565488 (avg: 0.579281)  sec/iter: 0.0046
Train Epoch: 26 [1053/1053 (100%)] Loss: 0.580541 (avg: 0.579905)  sec/iter: 0.0047
Train Epoch: 27 [1053/1053 (100%)] Loss: 0.703922 (avg: 0.582201)  sec/iter: 0.0048
Train Epoch: 28 [1053/1053 (100%)] Loss: 0.638335 (avg: 0.577850)  sec/iter: 0.0047
Train Epoch: 29 [1053/1053 (100%)] Loss: 0.619983 (avg: 0.577098)  sec/iter: 0.0048
Train Epoch: 30 [1053/1053 (100%)] Loss: 0.625659 (avg: 0.574574)  sec/iter: 0.0054
Train Epoch: 31 [1053/1053 (100%)] Loss: 0.626094 (avg: 0.577781)  sec/iter: 0.0049
Train Epoch: 32 [1053/1053 (100%)] Loss: 0.612050 (avg: 0.575399)  sec/iter: 0.0047
Train Epoch: 33 [1053/1053 (100%)] Loss: 0.629822 (avg: 0.576755)  sec/iter: 0.0048
Train Epoch: 34 [1053/1053 (100%)] Loss: 0.562394 (avg: 0.573481)  sec/iter: 0.0050
Train Epoch: 35 [1053/1053 (100%)] Loss: 0.564732 (avg: 0.570100)  sec/iter: 0.0047
Train Epoch: 36 [1053/1053 (100%)] Loss: 0.582911 (avg: 0.569957)  sec/iter: 0.0048
Train Epoch: 37 [1053/1053 (100%)] Loss: 0.473211 (avg: 0.569740)  sec/iter: 0.0049
Train Epoch: 38 [1053/1053 (100%)] Loss: 0.732578 (avg: 0.572589)  sec/iter: 0.0048
Train Epoch: 39 [1053/1053 (100%)] Loss: 0.460850 (avg: 0.563220)  sec/iter: 0.0048
Train Epoch: 40 [1053/1053 (100%)] Loss: 0.616186 (avg: 0.565917)  sec/iter: 0.0051
Train Epoch: 41 [1053/1053 (100%)] Loss: 0.575653 (avg: 0.569122)  sec/iter: 0.0048
Train Epoch: 42 [1053/1053 (100%)] Loss: 0.554360 (avg: 0.567973)  sec/iter: 0.0049
Train Epoch: 43 [1053/1053 (100%)] Loss: 0.698899 (avg: 0.563720)  sec/iter: 0.0049
Train Epoch: 44 [1053/1053 (100%)] Loss: 0.577074 (avg: 0.562999)  sec/iter: 0.0049
Train Epoch: 45 [1053/1053 (100%)] Loss: 0.597238 (avg: 0.563787)  sec/iter: 0.0049
Train Epoch: 46 [1053/1053 (100%)] Loss: 0.529086 (avg: 0.560181)  sec/iter: 0.0050
Train Epoch: 47 [1053/1053 (100%)] Loss: 0.614067 (avg: 0.561155)  sec/iter: 0.0049
Train Epoch: 48 [1053/1053 (100%)] Loss: 0.635187 (avg: 0.559913)  sec/iter: 0.0056
Train Epoch: 49 [1053/1053 (100%)] Loss: 0.662426 (avg: 0.557883)  sec/iter: 0.0053
Train Epoch: 50 [1053/1053 (100%)] Loss: 0.528860 (avg: 0.561510)  sec/iter: 0.0050
57 31 118 58
Test set (epoch 50): Average loss: 0.5659, Accuracy: (67.01%), Recall: (49.94%), Precision: (67.31%), F1-Score: (56.29%), FPR: (0.21%)  sec/iter: 0.0082

fn_list(predict == 0 & label == 1): [1084, 843, 830, 1007, 463, 641, 702, 1085, 399, 176, 398, 91, 307, 396, 669, 84, 828, 720, 35, 189, 970, 127, 1008, 1284, 694, 436, 417, 1003, 473, 814, 1062, 625, 964, 667, 1122, 844, 874, 816, 1002, 712, 668, 1139, 1061, 475, 413, 164, 1064, 1182, 765, 639, 1150, 1282, 638, 286, 165, 1149, 272, 415]
fp_list(predict == 1 & label == 0): [366, 166, 664, 496, 733, 618, 741, 30, 197, 992, 611, 198, 173, 370, 168, 280, 130, 498, 269, 1170, 698, 612, 171, 124, 610, 516, 824, 457, 697, 369, 662]

TRAIN: 1053/1317
TEST: 264/1317
FOLD 2, train 1053, test 264
Initialize model...
N trainable parameters: 41602
Train Epoch: 1 [1053/1053 (100%)] Loss: 0.715475 (avg: 0.687098)  sec/iter: 0.0045
Train Epoch: 2 [1053/1053 (100%)] Loss: 0.610618 (avg: 0.658160)  sec/iter: 0.0045
Train Epoch: 3 [1053/1053 (100%)] Loss: 0.615862 (avg: 0.635181)  sec/iter: 0.0045
Train Epoch: 4 [1053/1053 (100%)] Loss: 0.599900 (avg: 0.627914)  sec/iter: 0.0046
Train Epoch: 5 [1053/1053 (100%)] Loss: 0.624543 (avg: 0.624697)  sec/iter: 0.0052
Train Epoch: 6 [1053/1053 (100%)] Loss: 0.656341 (avg: 0.621586)  sec/iter: 0.0047
Train Epoch: 7 [1053/1053 (100%)] Loss: 0.569054 (avg: 0.619814)  sec/iter: 0.0044
Train Epoch: 8 [1053/1053 (100%)] Loss: 0.714466 (avg: 0.619198)  sec/iter: 0.0045
Train Epoch: 9 [1053/1053 (100%)] Loss: 0.633946 (avg: 0.616712)  sec/iter: 0.0047
Train Epoch: 10 [1053/1053 (100%)] Loss: 0.544830 (avg: 0.613959)  sec/iter: 0.0045
Train Epoch: 11 [1053/1053 (100%)] Loss: 0.572826 (avg: 0.614826)  sec/iter: 0.0049
Train Epoch: 12 [1053/1053 (100%)] Loss: 0.571692 (avg: 0.614260)  sec/iter: 0.0046
Train Epoch: 13 [1053/1053 (100%)] Loss: 0.537515 (avg: 0.609115)  sec/iter: 0.0045
Train Epoch: 14 [1053/1053 (100%)] Loss: 0.615560 (avg: 0.610507)  sec/iter: 0.0047
Train Epoch: 15 [1053/1053 (100%)] Loss: 0.584679 (avg: 0.609179)  sec/iter: 0.0048
Train Epoch: 16 [1053/1053 (100%)] Loss: 0.579955 (avg: 0.609783)  sec/iter: 0.0046
Train Epoch: 17 [1053/1053 (100%)] Loss: 0.620717 (avg: 0.609025)  sec/iter: 0.0047
Train Epoch: 18 [1053/1053 (100%)] Loss: 0.569523 (avg: 0.606338)  sec/iter: 0.0053
Train Epoch: 19 [1053/1053 (100%)] Loss: 0.616334 (avg: 0.605081)  sec/iter: 0.0050
Train Epoch: 20 [1053/1053 (100%)] Loss: 0.570722 (avg: 0.604385)  sec/iter: 0.0051
Train Epoch: 21 [1053/1053 (100%)] Loss: 0.647026 (avg: 0.604237)  sec/iter: 0.0049
Train Epoch: 22 [1053/1053 (100%)] Loss: 0.541975 (avg: 0.599144)  sec/iter: 0.0047
Train Epoch: 23 [1053/1053 (100%)] Loss: 0.542523 (avg: 0.603371)  sec/iter: 0.0047
Train Epoch: 24 [1053/1053 (100%)] Loss: 0.604730 (avg: 0.602091)  sec/iter: 0.0054
Train Epoch: 25 [1053/1053 (100%)] Loss: 0.602886 (avg: 0.601794)  sec/iter: 0.0052
Train Epoch: 26 [1053/1053 (100%)] Loss: 0.550515 (avg: 0.596198)  sec/iter: 0.0049
Train Epoch: 27 [1053/1053 (100%)] Loss: 0.544707 (avg: 0.599440)  sec/iter: 0.0050
Train Epoch: 28 [1053/1053 (100%)] Loss: 0.619729 (avg: 0.596492)  sec/iter: 0.0048
Train Epoch: 29 [1053/1053 (100%)] Loss: 0.550289 (avg: 0.595495)  sec/iter: 0.0050
Train Epoch: 30 [1053/1053 (100%)] Loss: 0.623900 (avg: 0.595248)  sec/iter: 0.0048
Train Epoch: 31 [1053/1053 (100%)] Loss: 0.480042 (avg: 0.592148)  sec/iter: 0.0048
Train Epoch: 32 [1053/1053 (100%)] Loss: 0.609803 (avg: 0.592843)  sec/iter: 0.0051
Train Epoch: 33 [1053/1053 (100%)] Loss: 0.549063 (avg: 0.592203)  sec/iter: 0.0049
Train Epoch: 34 [1053/1053 (100%)] Loss: 0.593343 (avg: 0.589815)  sec/iter: 0.0049
Train Epoch: 35 [1053/1053 (100%)] Loss: 0.661433 (avg: 0.590271)  sec/iter: 0.0049
Train Epoch: 36 [1053/1053 (100%)] Loss: 0.589316 (avg: 0.587294)  sec/iter: 0.0051
Train Epoch: 37 [1053/1053 (100%)] Loss: 0.619054 (avg: 0.585115)  sec/iter: 0.0050
Train Epoch: 38 [1053/1053 (100%)] Loss: 0.763816 (avg: 0.587398)  sec/iter: 0.0049
Train Epoch: 39 [1053/1053 (100%)] Loss: 0.638250 (avg: 0.583985)  sec/iter: 0.0049
Train Epoch: 40 [1053/1053 (100%)] Loss: 0.643747 (avg: 0.580902)  sec/iter: 0.0050
Train Epoch: 41 [1053/1053 (100%)] Loss: 0.654940 (avg: 0.586333)  sec/iter: 0.0053
Train Epoch: 42 [1053/1053 (100%)] Loss: 0.510712 (avg: 0.579787)  sec/iter: 0.0051
Train Epoch: 43 [1053/1053 (100%)] Loss: 0.619454 (avg: 0.580335)  sec/iter: 0.0049
Train Epoch: 44 [1053/1053 (100%)] Loss: 0.693844 (avg: 0.582695)  sec/iter: 0.0049
Train Epoch: 45 [1053/1053 (100%)] Loss: 0.585776 (avg: 0.580780)  sec/iter: 0.0056
Train Epoch: 46 [1053/1053 (100%)] Loss: 0.555819 (avg: 0.582368)  sec/iter: 0.0062
Train Epoch: 47 [1053/1053 (100%)] Loss: 0.556071 (avg: 0.580103)  sec/iter: 0.0059
Train Epoch: 48 [1053/1053 (100%)] Loss: 0.472817 (avg: 0.576838)  sec/iter: 0.0060
Train Epoch: 49 [1053/1053 (100%)] Loss: 0.521939 (avg: 0.575667)  sec/iter: 0.0059
Train Epoch: 50 [1053/1053 (100%)] Loss: 0.619156 (avg: 0.579040)  sec/iter: 0.0056
55 30 127 52
Test set (epoch 50): Average loss: 0.5459, Accuracy: (66.32%), Recall: (46.98%), Precision: (57.96%), F1-Score: (51.29%), FPR: (0.19%)  sec/iter: 0.0081

fn_list(predict == 0 & label == 1): [274, 680, 212, 1151, 583, 21, 288, 1137, 99, 858, 263, 1136, 528, 962, 759, 238, 409, 231, 817, 437, 1098, 626, 532, 224, 266, 696, 773, 259, 506, 624, 226, 97, 795, 229, 412, 1043, 967, 230, 796, 474, 949, 508, 187, 460, 797, 599, 623, 461, 776, 1192, 83, 608]
fp_list(predict == 1 & label == 0): [117, 284, 907, 283, 110, 454, 1090, 920, 222, 906, 916, 29, 170, 917, 806, 499, 991, 325, 219, 349, 196, 371, 123, 942, 1091, 881, 946, 905, 282, 169]

TRAIN: 1053/1317
TEST: 264/1317
FOLD 3, train 1053, test 264
Initialize model...
N trainable parameters: 41602
Train Epoch: 1 [1053/1053 (100%)] Loss: 0.697507 (avg: 0.677890)  sec/iter: 0.0049
Train Epoch: 2 [1053/1053 (100%)] Loss: 0.643365 (avg: 0.615433)  sec/iter: 0.0048
Train Epoch: 3 [1053/1053 (100%)] Loss: 0.657746 (avg: 0.600430)  sec/iter: 0.0052
Train Epoch: 4 [1053/1053 (100%)] Loss: 0.600754 (avg: 0.587055)  sec/iter: 0.0049
Train Epoch: 5 [1053/1053 (100%)] Loss: 0.608128 (avg: 0.584217)  sec/iter: 0.0050
Train Epoch: 6 [1053/1053 (100%)] Loss: 0.628408 (avg: 0.587678)  sec/iter: 0.0051
Train Epoch: 7 [1053/1053 (100%)] Loss: 0.651724 (avg: 0.580543)  sec/iter: 0.0055
Train Epoch: 8 [1053/1053 (100%)] Loss: 0.600710 (avg: 0.584415)  sec/iter: 0.0063
Train Epoch: 9 [1053/1053 (100%)] Loss: 0.680654 (avg: 0.580912)  sec/iter: 0.0061
Train Epoch: 10 [1053/1053 (100%)] Loss: 0.560808 (avg: 0.581920)  sec/iter: 0.0052
Train Epoch: 11 [1053/1053 (100%)] Loss: 0.515476 (avg: 0.583287)  sec/iter: 0.0047
Train Epoch: 12 [1053/1053 (100%)] Loss: 0.589627 (avg: 0.579405)  sec/iter: 0.0046
Train Epoch: 13 [1053/1053 (100%)] Loss: 0.626824 (avg: 0.578051)  sec/iter: 0.0047
Train Epoch: 14 [1053/1053 (100%)] Loss: 0.569482 (avg: 0.578259)  sec/iter: 0.0049
Train Epoch: 15 [1053/1053 (100%)] Loss: 0.400995 (avg: 0.578731)  sec/iter: 0.0050
Train Epoch: 16 [1053/1053 (100%)] Loss: 0.557819 (avg: 0.574815)  sec/iter: 0.0051
Train Epoch: 17 [1053/1053 (100%)] Loss: 0.494400 (avg: 0.575467)  sec/iter: 0.0047
Train Epoch: 18 [1053/1053 (100%)] Loss: 0.537538 (avg: 0.569233)  sec/iter: 0.0048
Train Epoch: 19 [1053/1053 (100%)] Loss: 0.619253 (avg: 0.571420)  sec/iter: 0.0049
Train Epoch: 20 [1053/1053 (100%)] Loss: 0.560556 (avg: 0.569333)  sec/iter: 0.0045
Train Epoch: 21 [1053/1053 (100%)] Loss: 0.539035 (avg: 0.571406)  sec/iter: 0.0049
Train Epoch: 22 [1053/1053 (100%)] Loss: 0.659994 (avg: 0.571489)  sec/iter: 0.0059
Train Epoch: 23 [1053/1053 (100%)] Loss: 0.483335 (avg: 0.571635)  sec/iter: 0.0055
Train Epoch: 24 [1053/1053 (100%)] Loss: 0.645852 (avg: 0.570215)  sec/iter: 0.0051
Train Epoch: 25 [1053/1053 (100%)] Loss: 0.616775 (avg: 0.569882)  sec/iter: 0.0048
Train Epoch: 26 [1053/1053 (100%)] Loss: 0.468720 (avg: 0.570595)  sec/iter: 0.0049
Train Epoch: 27 [1053/1053 (100%)] Loss: 0.545366 (avg: 0.565659)  sec/iter: 0.0049
Train Epoch: 28 [1053/1053 (100%)] Loss: 0.548994 (avg: 0.563247)  sec/iter: 0.0051
Train Epoch: 29 [1053/1053 (100%)] Loss: 0.497143 (avg: 0.562135)  sec/iter: 0.0049
Train Epoch: 30 [1053/1053 (100%)] Loss: 0.696951 (avg: 0.562592)  sec/iter: 0.0066
Train Epoch: 31 [1053/1053 (100%)] Loss: 0.695387 (avg: 0.562285)  sec/iter: 0.0052
Train Epoch: 32 [1053/1053 (100%)] Loss: 0.606384 (avg: 0.565355)  sec/iter: 0.0053
Train Epoch: 33 [1053/1053 (100%)] Loss: 0.569900 (avg: 0.560128)  sec/iter: 0.0052
Train Epoch: 34 [1053/1053 (100%)] Loss: 0.534719 (avg: 0.563283)  sec/iter: 0.0053
Train Epoch: 35 [1053/1053 (100%)] Loss: 0.574285 (avg: 0.560709)  sec/iter: 0.0048
Train Epoch: 36 [1053/1053 (100%)] Loss: 0.455509 (avg: 0.557764)  sec/iter: 0.0051
Train Epoch: 37 [1053/1053 (100%)] Loss: 0.536381 (avg: 0.556557)  sec/iter: 0.0060
Train Epoch: 38 [1053/1053 (100%)] Loss: 0.553431 (avg: 0.554956)  sec/iter: 0.0054
Train Epoch: 39 [1053/1053 (100%)] Loss: 0.556735 (avg: 0.557404)  sec/iter: 0.0055
Train Epoch: 40 [1053/1053 (100%)] Loss: 0.570294 (avg: 0.556362)  sec/iter: 0.0053
Train Epoch: 41 [1053/1053 (100%)] Loss: 0.644370 (avg: 0.553992)  sec/iter: 0.0050
Train Epoch: 42 [1053/1053 (100%)] Loss: 0.458828 (avg: 0.552252)  sec/iter: 0.0051
Train Epoch: 43 [1053/1053 (100%)] Loss: 0.604888 (avg: 0.559580)  sec/iter: 0.0051
Train Epoch: 44 [1053/1053 (100%)] Loss: 0.542998 (avg: 0.556374)  sec/iter: 0.0052
Train Epoch: 45 [1053/1053 (100%)] Loss: 0.669390 (avg: 0.551886)  sec/iter: 0.0056
Train Epoch: 46 [1053/1053 (100%)] Loss: 0.558787 (avg: 0.547275)  sec/iter: 0.0051
Train Epoch: 47 [1053/1053 (100%)] Loss: 0.503178 (avg: 0.550470)  sec/iter: 0.0050
Train Epoch: 48 [1053/1053 (100%)] Loss: 0.583863 (avg: 0.549844)  sec/iter: 0.0052
Train Epoch: 49 [1053/1053 (100%)] Loss: 0.568175 (avg: 0.549277)  sec/iter: 0.0055
Train Epoch: 50 [1053/1053 (100%)] Loss: 0.512115 (avg: 0.543158)  sec/iter: 0.0051
67 35 98 64
Test set (epoch 50): Average loss: 0.6310, Accuracy: (63.54%), Recall: (53.40%), Precision: (66.30%), F1-Score: (58.31%), FPR: (0.26%)  sec/iter: 0.0085

fn_list(predict == 0 & label == 1): [722, 767, 290, 965, 947, 1066, 442, 564, 308, 459, 98, 1063, 440, 1045, 1180, 441, 530, 87, 529, 857, 1079, 400, 1140, 261, 438, 723, 866, 129, 971, 774, 1181, 264, 271, 600, 1252, 598, 434, 273, 257, 1001, 714, 89, 44, 289, 646, 1120, 721, 1044, 582, 211, 607, 896, 86, 465, 1283, 338, 979, 813, 275, 225, 681, 818, 584, 1221]
fp_list(predict == 1 & label == 0): [131, 660, 882, 324, 133, 1233, 184, 665, 377, 513, 330, 365, 360, 990, 609, 332, 585, 361, 1229, 1302, 455, 333, 200, 517, 132, 456, 182, 1301, 24, 804, 904, 281, 26, 270, 116]

TRAIN: 1056/1317
TEST: 261/1317
FOLD 4, train 1056, test 261
Initialize model...
N trainable parameters: 41602
Train Epoch: 1 [1056/1056 (100%)] Loss: 0.626730 (avg: 0.681383)  sec/iter: 0.0045
Train Epoch: 2 [1056/1056 (100%)] Loss: 0.610111 (avg: 0.617323)  sec/iter: 0.0046
Train Epoch: 3 [1056/1056 (100%)] Loss: 0.574702 (avg: 0.600456)  sec/iter: 0.0048
Train Epoch: 4 [1056/1056 (100%)] Loss: 0.468183 (avg: 0.593181)  sec/iter: 0.0052
Train Epoch: 5 [1056/1056 (100%)] Loss: 0.539797 (avg: 0.588530)  sec/iter: 0.0048
Train Epoch: 6 [1056/1056 (100%)] Loss: 0.546325 (avg: 0.587362)  sec/iter: 0.0049
Train Epoch: 7 [1056/1056 (100%)] Loss: 0.577949 (avg: 0.586155)  sec/iter: 0.0050
Train Epoch: 8 [1056/1056 (100%)] Loss: 0.494681 (avg: 0.584576)  sec/iter: 0.0050
Train Epoch: 9 [1056/1056 (100%)] Loss: 0.566993 (avg: 0.582371)  sec/iter: 0.0050
Train Epoch: 10 [1056/1056 (100%)] Loss: 0.714702 (avg: 0.584026)  sec/iter: 0.0047
Train Epoch: 11 [1056/1056 (100%)] Loss: 0.587081 (avg: 0.579572)  sec/iter: 0.0046
Train Epoch: 12 [1056/1056 (100%)] Loss: 0.474356 (avg: 0.577788)  sec/iter: 0.0053
Train Epoch: 13 [1056/1056 (100%)] Loss: 0.513350 (avg: 0.585922)  sec/iter: 0.0048
Train Epoch: 14 [1056/1056 (100%)] Loss: 0.615443 (avg: 0.578773)  sec/iter: 0.0052
Train Epoch: 15 [1056/1056 (100%)] Loss: 0.681275 (avg: 0.579870)  sec/iter: 0.0050
Train Epoch: 16 [1056/1056 (100%)] Loss: 0.620037 (avg: 0.579082)  sec/iter: 0.0051
Train Epoch: 17 [1056/1056 (100%)] Loss: 0.539281 (avg: 0.575390)  sec/iter: 0.0048
Train Epoch: 18 [1056/1056 (100%)] Loss: 0.506409 (avg: 0.573387)  sec/iter: 0.0050
Train Epoch: 19 [1056/1056 (100%)] Loss: 0.455380 (avg: 0.579857)  sec/iter: 0.0055
Train Epoch: 20 [1056/1056 (100%)] Loss: 0.565986 (avg: 0.572760)  sec/iter: 0.0061
Train Epoch: 21 [1056/1056 (100%)] Loss: 0.552095 (avg: 0.571901)  sec/iter: 0.0057
Train Epoch: 22 [1056/1056 (100%)] Loss: 0.559433 (avg: 0.573196)  sec/iter: 0.0054
Train Epoch: 23 [1056/1056 (100%)] Loss: 0.643589 (avg: 0.572750)  sec/iter: 0.0052
Train Epoch: 24 [1056/1056 (100%)] Loss: 0.584129 (avg: 0.571076)  sec/iter: 0.0051
Train Epoch: 25 [1056/1056 (100%)] Loss: 0.553539 (avg: 0.575569)  sec/iter: 0.0050
Train Epoch: 26 [1056/1056 (100%)] Loss: 0.622690 (avg: 0.573247)  sec/iter: 0.0050
Train Epoch: 27 [1056/1056 (100%)] Loss: 0.516795 (avg: 0.569111)  sec/iter: 0.0066
Train Epoch: 28 [1056/1056 (100%)] Loss: 0.482026 (avg: 0.567140)  sec/iter: 0.0055
Train Epoch: 29 [1056/1056 (100%)] Loss: 0.594161 (avg: 0.568483)  sec/iter: 0.0052
Train Epoch: 30 [1056/1056 (100%)] Loss: 0.591069 (avg: 0.570125)  sec/iter: 0.0049
Train Epoch: 31 [1056/1056 (100%)] Loss: 0.594778 (avg: 0.568969)  sec/iter: 0.0048
Train Epoch: 32 [1056/1056 (100%)] Loss: 0.528693 (avg: 0.568425)  sec/iter: 0.0049
Train Epoch: 33 [1056/1056 (100%)] Loss: 0.539041 (avg: 0.566290)  sec/iter: 0.0049
Train Epoch: 34 [1056/1056 (100%)] Loss: 0.572407 (avg: 0.560280)  sec/iter: 0.0050
Train Epoch: 35 [1056/1056 (100%)] Loss: 0.623086 (avg: 0.564300)  sec/iter: 0.0048
Train Epoch: 36 [1056/1056 (100%)] Loss: 0.613225 (avg: 0.560048)  sec/iter: 0.0052
Train Epoch: 37 [1056/1056 (100%)] Loss: 0.584390 (avg: 0.558703)  sec/iter: 0.0054
Train Epoch: 38 [1056/1056 (100%)] Loss: 0.583225 (avg: 0.560894)  sec/iter: 0.0052
Train Epoch: 39 [1056/1056 (100%)] Loss: 0.559061 (avg: 0.561600)  sec/iter: 0.0059
Train Epoch: 40 [1056/1056 (100%)] Loss: 0.640789 (avg: 0.561915)  sec/iter: 0.0054
Train Epoch: 41 [1056/1056 (100%)] Loss: 0.476893 (avg: 0.556638)  sec/iter: 0.0058
Train Epoch: 42 [1056/1056 (100%)] Loss: 0.537789 (avg: 0.560464)  sec/iter: 0.0052
Train Epoch: 43 [1056/1056 (100%)] Loss: 0.410266 (avg: 0.557037)  sec/iter: 0.0056
Train Epoch: 44 [1056/1056 (100%)] Loss: 0.564768 (avg: 0.553173)  sec/iter: 0.0054
Train Epoch: 45 [1056/1056 (100%)] Loss: 0.583032 (avg: 0.556279)  sec/iter: 0.0052
Train Epoch: 46 [1056/1056 (100%)] Loss: 0.510016 (avg: 0.554130)  sec/iter: 0.0053
Train Epoch: 47 [1056/1056 (100%)] Loss: 0.583613 (avg: 0.550384)  sec/iter: 0.0053
Train Epoch: 48 [1056/1056 (100%)] Loss: 0.605707 (avg: 0.554616)  sec/iter: 0.0051
Train Epoch: 49 [1056/1056 (100%)] Loss: 0.486488 (avg: 0.549496)  sec/iter: 0.0052
Train Epoch: 50 [1056/1056 (100%)] Loss: 0.491890 (avg: 0.549726)  sec/iter: 0.0052
46 43 106 66
Test set (epoch 50): Average loss: 0.6485, Accuracy: (60.28%), Recall: (38.02%), Precision: (46.25%), F1-Score: (40.47%), FPR: (0.29%)  sec/iter: 0.0082

fn_list(predict == 0 & label == 1): [751, 597, 466, 707, 775, 177, 781, 397, 414, 1010, 842, 783, 291, 782, 875, 210, 209, 82, 236, 162, 566, 435, 163, 895, 1219, 383, 1097, 693, 704, 121, 42, 126, 1138, 540, 1218, 20, 963, 1009, 262, 1011, 541, 418, 309, 237, 429, 285, 431, 750, 175, 815, 128, 382, 85, 705, 178, 1004, 894, 292, 260, 831, 948, 581, 978, 666, 337, 1179]
fp_list(predict == 1 & label == 0): [651, 1230, 659, 805, 617, 199, 362, 500, 367, 1231, 167, 1089, 1223, 1227, 1173, 1299, 502, 363, 701, 521, 304, 884, 268, 847, 1111, 736, 115, 277, 1297, 71, 519, 514, 1124, 1298, 69, 743, 700, 501, 520, 323, 883, 368, 1112]

[[68.40277777777777, 41.59895717171259, 65.70707070707071, 50.43594031908209, 0.1388888888888889], [67.01388888888889, 49.94042994042994, 67.31281064614397, 56.293499999382355, 0.2080536912751678], [66.31944444444444, 46.97802197802197, 57.961359628026294, 51.28609072087332, 0.1910828025477707], [63.541666666666664, 53.40219421101774, 66.30104463437797, 58.3087885578307, 0.2631578947368421], [60.27777777777778, 38.01536669957723, 46.25008252459233, 40.469269503085926, 0.28859060402684567]]
5-fold cross validation avg acc (+- std): 65.11111111111111% (2.889289502137244%), recall (+- std): 45.98699400015189% (5.556954118598341%), precision (+- std): 60.70647362804225% (7.955775000557155%), F1-Score (+- std): 51.35871782005088% (6.198264855219901%), FPR (+- fpr): 0.217954776295103% (0.053111752155596874%)
