using torch 1.0.0
dataset LOOP_CORENODES_1317
model gcn_modify
lr 0.002
lr_decay_steps [1, 3]
wd 0.0001
dropout 0.2
filters [64, 64, 64]
n_hidden 256
epochs 50
batch_size 32
threads 2
log_interval 1
device cpu
seed 6460
shuffle_nodes True
folds 5
adj_sq False
scale_identity False
use_cont_node_attr True
alpha 0.2
multi_head 4
Loading data...
Class 0: 			732 samples
Class 1: 			585 samples
feature 1, count 3082/3082
TRAIN: 1053/1317
TEST: 264/1317
FOLD 0, train 1053, test 264
Initialize model...
N trainable parameters: 41602
Train Epoch: 1 [1053/1053 (100%)] Loss: 0.697813 (avg: 0.683707)  sec/iter: 0.0046
Train Epoch: 2 [1053/1053 (100%)] Loss: 0.621431 (avg: 0.641088)  sec/iter: 0.0045
Train Epoch: 3 [1053/1053 (100%)] Loss: 0.719605 (avg: 0.618965)  sec/iter: 0.0046
Train Epoch: 4 [1053/1053 (100%)] Loss: 0.544680 (avg: 0.606920)  sec/iter: 0.0045
Train Epoch: 5 [1053/1053 (100%)] Loss: 0.621008 (avg: 0.606976)  sec/iter: 0.0049
Train Epoch: 6 [1053/1053 (100%)] Loss: 0.552857 (avg: 0.606135)  sec/iter: 0.0050
Train Epoch: 7 [1053/1053 (100%)] Loss: 0.652119 (avg: 0.603560)  sec/iter: 0.0050
Train Epoch: 8 [1053/1053 (100%)] Loss: 0.639008 (avg: 0.600569)  sec/iter: 0.0049
Train Epoch: 9 [1053/1053 (100%)] Loss: 0.615718 (avg: 0.602922)  sec/iter: 0.0051
Train Epoch: 10 [1053/1053 (100%)] Loss: 0.548667 (avg: 0.599600)  sec/iter: 0.0056
Train Epoch: 11 [1053/1053 (100%)] Loss: 0.591412 (avg: 0.598380)  sec/iter: 0.0053
Train Epoch: 12 [1053/1053 (100%)] Loss: 0.572770 (avg: 0.597390)  sec/iter: 0.0051
Train Epoch: 13 [1053/1053 (100%)] Loss: 0.573511 (avg: 0.598215)  sec/iter: 0.0050
Train Epoch: 14 [1053/1053 (100%)] Loss: 0.607679 (avg: 0.594636)  sec/iter: 0.0054
Train Epoch: 15 [1053/1053 (100%)] Loss: 0.603828 (avg: 0.596396)  sec/iter: 0.0055
Train Epoch: 16 [1053/1053 (100%)] Loss: 0.579631 (avg: 0.589484)  sec/iter: 0.0053
Train Epoch: 17 [1053/1053 (100%)] Loss: 0.685676 (avg: 0.596823)  sec/iter: 0.0052
Train Epoch: 18 [1053/1053 (100%)] Loss: 0.584861 (avg: 0.590238)  sec/iter: 0.0052
Train Epoch: 19 [1053/1053 (100%)] Loss: 0.552745 (avg: 0.591735)  sec/iter: 0.0048
Train Epoch: 20 [1053/1053 (100%)] Loss: 0.581380 (avg: 0.592832)  sec/iter: 0.0051
Train Epoch: 21 [1053/1053 (100%)] Loss: 0.638527 (avg: 0.588277)  sec/iter: 0.0059
Train Epoch: 22 [1053/1053 (100%)] Loss: 0.600361 (avg: 0.592201)  sec/iter: 0.0059
Train Epoch: 23 [1053/1053 (100%)] Loss: 0.563664 (avg: 0.586218)  sec/iter: 0.0057
Train Epoch: 24 [1053/1053 (100%)] Loss: 0.586260 (avg: 0.583403)  sec/iter: 0.0056
Train Epoch: 25 [1053/1053 (100%)] Loss: 0.634846 (avg: 0.586749)  sec/iter: 0.0055
Train Epoch: 26 [1053/1053 (100%)] Loss: 0.608900 (avg: 0.580459)  sec/iter: 0.0055
Train Epoch: 27 [1053/1053 (100%)] Loss: 0.733680 (avg: 0.580632)  sec/iter: 0.0050
Train Epoch: 28 [1053/1053 (100%)] Loss: 0.563821 (avg: 0.581365)  sec/iter: 0.0050
Train Epoch: 29 [1053/1053 (100%)] Loss: 0.644027 (avg: 0.582898)  sec/iter: 0.0052
Train Epoch: 30 [1053/1053 (100%)] Loss: 0.624857 (avg: 0.584823)  sec/iter: 0.0051
Train Epoch: 31 [1053/1053 (100%)] Loss: 0.541515 (avg: 0.581290)  sec/iter: 0.0069
Train Epoch: 32 [1053/1053 (100%)] Loss: 0.575893 (avg: 0.582888)  sec/iter: 0.0056
Train Epoch: 33 [1053/1053 (100%)] Loss: 0.526823 (avg: 0.579651)  sec/iter: 0.0051
Train Epoch: 34 [1053/1053 (100%)] Loss: 0.619277 (avg: 0.576961)  sec/iter: 0.0050
Train Epoch: 35 [1053/1053 (100%)] Loss: 0.540176 (avg: 0.574123)  sec/iter: 0.0049
Train Epoch: 36 [1053/1053 (100%)] Loss: 0.609787 (avg: 0.574998)  sec/iter: 0.0050
Train Epoch: 37 [1053/1053 (100%)] Loss: 0.500725 (avg: 0.574791)  sec/iter: 0.0049
Train Epoch: 38 [1053/1053 (100%)] Loss: 0.575767 (avg: 0.572834)  sec/iter: 0.0052
Train Epoch: 39 [1053/1053 (100%)] Loss: 0.518256 (avg: 0.571922)  sec/iter: 0.0052
Train Epoch: 40 [1053/1053 (100%)] Loss: 0.485322 (avg: 0.574355)  sec/iter: 0.0055
Train Epoch: 41 [1053/1053 (100%)] Loss: 0.586143 (avg: 0.572182)  sec/iter: 0.0056
Train Epoch: 42 [1053/1053 (100%)] Loss: 0.502749 (avg: 0.566664)  sec/iter: 0.0063
Train Epoch: 43 [1053/1053 (100%)] Loss: 0.561893 (avg: 0.570702)  sec/iter: 0.0060
Train Epoch: 44 [1053/1053 (100%)] Loss: 0.459235 (avg: 0.569923)  sec/iter: 0.0057
Train Epoch: 45 [1053/1053 (100%)] Loss: 0.465122 (avg: 0.573199)  sec/iter: 0.0052
Train Epoch: 46 [1053/1053 (100%)] Loss: 0.550836 (avg: 0.568552)  sec/iter: 0.0052
Train Epoch: 47 [1053/1053 (100%)] Loss: 0.583131 (avg: 0.565821)  sec/iter: 0.0054
Train Epoch: 48 [1053/1053 (100%)] Loss: 0.601888 (avg: 0.572698)  sec/iter: 0.0052
Train Epoch: 49 [1053/1053 (100%)] Loss: 0.555486 (avg: 0.566474)  sec/iter: 0.0058
Train Epoch: 50 [1053/1053 (100%)] Loss: 0.446323 (avg: 0.567138)  sec/iter: 0.0053
56 29 119 60
Test set (epoch 50): Average loss: 0.6036, Accuracy: (68.06%), Recall: (49.62%), Precision: (69.66%), F1-Score: (57.04%), FPR: (0.20%)  sec/iter: 0.0082

fn_list(predict == 0 & label == 1): [22, 442, 86, 868, 1045, 875, 163, 289, 597, 285, 89, 310, 1063, 844, 434, 463, 462, 118, 695, 749, 1180, 795, 707, 703, 949, 606, 417, 758, 87, 293, 225, 896, 85, 532, 1284, 541, 760, 209, 1007, 413, 1182, 858, 842, 82, 396, 608, 623, 809, 750, 694, 666, 164, 702, 1137, 583, 1086, 44, 210, 439, 1006]
fp_list(predict == 1 & label == 0): [497, 325, 493, 364, 324, 455, 322, 678, 220, 907, 1230, 701, 677, 513, 805, 742, 744, 284, 827, 675, 698, 457, 117, 323, 1170, 131, 1302, 824, 30]

TRAIN: 1053/1317
TEST: 264/1317
FOLD 1, train 1053, test 264
Initialize model...
N trainable parameters: 41602
Train Epoch: 1 [1053/1053 (100%)] Loss: 0.661130 (avg: 0.682046)  sec/iter: 0.0046
Train Epoch: 2 [1053/1053 (100%)] Loss: 0.631230 (avg: 0.624170)  sec/iter: 0.0046
Train Epoch: 3 [1053/1053 (100%)] Loss: 0.500798 (avg: 0.611082)  sec/iter: 0.0047
Train Epoch: 4 [1053/1053 (100%)] Loss: 0.704228 (avg: 0.600785)  sec/iter: 0.0047
Train Epoch: 5 [1053/1053 (100%)] Loss: 0.658063 (avg: 0.599408)  sec/iter: 0.0050
Train Epoch: 6 [1053/1053 (100%)] Loss: 0.537048 (avg: 0.599872)  sec/iter: 0.0052
Train Epoch: 7 [1053/1053 (100%)] Loss: 0.538384 (avg: 0.595868)  sec/iter: 0.0047
Train Epoch: 8 [1053/1053 (100%)] Loss: 0.661317 (avg: 0.597565)  sec/iter: 0.0054
Train Epoch: 9 [1053/1053 (100%)] Loss: 0.537000 (avg: 0.595902)  sec/iter: 0.0051
Train Epoch: 10 [1053/1053 (100%)] Loss: 0.565584 (avg: 0.593505)  sec/iter: 0.0050
Train Epoch: 11 [1053/1053 (100%)] Loss: 0.481186 (avg: 0.594113)  sec/iter: 0.0051
Train Epoch: 12 [1053/1053 (100%)] Loss: 0.527865 (avg: 0.590234)  sec/iter: 0.0048
Train Epoch: 13 [1053/1053 (100%)] Loss: 0.566693 (avg: 0.592871)  sec/iter: 0.0050
Train Epoch: 14 [1053/1053 (100%)] Loss: 0.477206 (avg: 0.592257)  sec/iter: 0.0052
Train Epoch: 15 [1053/1053 (100%)] Loss: 0.597577 (avg: 0.591217)  sec/iter: 0.0052
Train Epoch: 16 [1053/1053 (100%)] Loss: 0.615680 (avg: 0.590889)  sec/iter: 0.0052
Train Epoch: 17 [1053/1053 (100%)] Loss: 0.461629 (avg: 0.589398)  sec/iter: 0.0048
Train Epoch: 18 [1053/1053 (100%)] Loss: 0.647359 (avg: 0.587952)  sec/iter: 0.0049
Train Epoch: 19 [1053/1053 (100%)] Loss: 0.545521 (avg: 0.586565)  sec/iter: 0.0051
Train Epoch: 20 [1053/1053 (100%)] Loss: 0.671796 (avg: 0.584457)  sec/iter: 0.0050
Train Epoch: 21 [1053/1053 (100%)] Loss: 0.554202 (avg: 0.587162)  sec/iter: 0.0053
Train Epoch: 22 [1053/1053 (100%)] Loss: 0.697187 (avg: 0.587782)  sec/iter: 0.0060
Train Epoch: 23 [1053/1053 (100%)] Loss: 0.522590 (avg: 0.581256)  sec/iter: 0.0060
Train Epoch: 24 [1053/1053 (100%)] Loss: 0.537162 (avg: 0.583684)  sec/iter: 0.0055
Train Epoch: 25 [1053/1053 (100%)] Loss: 0.554893 (avg: 0.579662)  sec/iter: 0.0048
Train Epoch: 26 [1053/1053 (100%)] Loss: 0.585663 (avg: 0.574978)  sec/iter: 0.0049
Train Epoch: 27 [1053/1053 (100%)] Loss: 0.681268 (avg: 0.579831)  sec/iter: 0.0050
Train Epoch: 28 [1053/1053 (100%)] Loss: 0.567738 (avg: 0.576336)  sec/iter: 0.0049
Train Epoch: 29 [1053/1053 (100%)] Loss: 0.645935 (avg: 0.576838)  sec/iter: 0.0049
Train Epoch: 30 [1053/1053 (100%)] Loss: 0.695041 (avg: 0.581394)  sec/iter: 0.0052
Train Epoch: 31 [1053/1053 (100%)] Loss: 0.702690 (avg: 0.575069)  sec/iter: 0.0052
Train Epoch: 32 [1053/1053 (100%)] Loss: 0.599091 (avg: 0.576539)  sec/iter: 0.0052
Train Epoch: 33 [1053/1053 (100%)] Loss: 0.662609 (avg: 0.579996)  sec/iter: 0.0060
Train Epoch: 34 [1053/1053 (100%)] Loss: 0.477520 (avg: 0.576751)  sec/iter: 0.0052
Train Epoch: 35 [1053/1053 (100%)] Loss: 0.600799 (avg: 0.575593)  sec/iter: 0.0055
Train Epoch: 36 [1053/1053 (100%)] Loss: 0.672083 (avg: 0.572784)  sec/iter: 0.0051
Train Epoch: 37 [1053/1053 (100%)] Loss: 0.533683 (avg: 0.573511)  sec/iter: 0.0056
Train Epoch: 38 [1053/1053 (100%)] Loss: 0.508406 (avg: 0.566381)  sec/iter: 0.0051
Train Epoch: 39 [1053/1053 (100%)] Loss: 0.606864 (avg: 0.573986)  sec/iter: 0.0054
Train Epoch: 40 [1053/1053 (100%)] Loss: 0.614512 (avg: 0.569547)  sec/iter: 0.0055
Train Epoch: 41 [1053/1053 (100%)] Loss: 0.478960 (avg: 0.562314)  sec/iter: 0.0053
Train Epoch: 42 [1053/1053 (100%)] Loss: 0.661196 (avg: 0.570901)  sec/iter: 0.0055
Train Epoch: 43 [1053/1053 (100%)] Loss: 0.609039 (avg: 0.564223)  sec/iter: 0.0054
Train Epoch: 44 [1053/1053 (100%)] Loss: 0.635117 (avg: 0.568612)  sec/iter: 0.0055
Train Epoch: 45 [1053/1053 (100%)] Loss: 0.555059 (avg: 0.567290)  sec/iter: 0.0054
Train Epoch: 46 [1053/1053 (100%)] Loss: 0.629041 (avg: 0.566196)  sec/iter: 0.0055
Train Epoch: 47 [1053/1053 (100%)] Loss: 0.507571 (avg: 0.569883)  sec/iter: 0.0051
Train Epoch: 48 [1053/1053 (100%)] Loss: 0.566254 (avg: 0.564743)  sec/iter: 0.0053
Train Epoch: 49 [1053/1053 (100%)] Loss: 0.597483 (avg: 0.564386)  sec/iter: 0.0058
Train Epoch: 50 [1053/1053 (100%)] Loss: 0.407536 (avg: 0.563891)  sec/iter: 0.0055
75 35 108 46
Test set (epoch 50): Average loss: 0.5658, Accuracy: (68.75%), Recall: (62.42%), Precision: (66.05%), F1-Score: (63.52%), FPR: (0.24%)  sec/iter: 0.0083

fn_list(predict == 0 & label == 1): [178, 1282, 782, 1010, 969, 90, 1043, 533, 262, 261, 893, 867, 223, 646, 1064, 20, 257, 1004, 1044, 876, 783, 566, 263, 466, 1001, 42, 970, 461, 765, 1078, 272, 723, 1151, 286, 177, 807, 977, 796, 814, 121, 433, 705, 128, 1139, 971, 129]
fp_list(predict == 1 & label == 0): [741, 198, 734, 25, 515, 846, 501, 848, 665, 881, 1126, 278, 1228, 169, 276, 613, 1169, 168, 1232, 270, 269, 203, 806, 28, 882, 992, 1223, 1297, 281, 1233, 363, 662, 514, 167, 1095]

TRAIN: 1053/1317
TEST: 264/1317
FOLD 2, train 1053, test 264
Initialize model...
N trainable parameters: 41602
Train Epoch: 1 [1053/1053 (100%)] Loss: 0.615184 (avg: 0.679783)  sec/iter: 0.0048
Train Epoch: 2 [1053/1053 (100%)] Loss: 0.638969 (avg: 0.628793)  sec/iter: 0.0047
Train Epoch: 3 [1053/1053 (100%)] Loss: 0.685492 (avg: 0.614492)  sec/iter: 0.0047
Train Epoch: 4 [1053/1053 (100%)] Loss: 0.586290 (avg: 0.604273)  sec/iter: 0.0053
Train Epoch: 5 [1053/1053 (100%)] Loss: 0.637357 (avg: 0.604711)  sec/iter: 0.0058
Train Epoch: 6 [1053/1053 (100%)] Loss: 0.521220 (avg: 0.602272)  sec/iter: 0.0055
Train Epoch: 7 [1053/1053 (100%)] Loss: 0.627638 (avg: 0.597834)  sec/iter: 0.0056
Train Epoch: 8 [1053/1053 (100%)] Loss: 0.596912 (avg: 0.598495)  sec/iter: 0.0048
Train Epoch: 9 [1053/1053 (100%)] Loss: 0.574165 (avg: 0.596957)  sec/iter: 0.0047
Train Epoch: 10 [1053/1053 (100%)] Loss: 0.584436 (avg: 0.596306)  sec/iter: 0.0049
Train Epoch: 11 [1053/1053 (100%)] Loss: 0.619020 (avg: 0.594475)  sec/iter: 0.0049
Train Epoch: 12 [1053/1053 (100%)] Loss: 0.480171 (avg: 0.597223)  sec/iter: 0.0062
Train Epoch: 13 [1053/1053 (100%)] Loss: 0.518071 (avg: 0.593645)  sec/iter: 0.0054
Train Epoch: 14 [1053/1053 (100%)] Loss: 0.592350 (avg: 0.591363)  sec/iter: 0.0052
Train Epoch: 15 [1053/1053 (100%)] Loss: 0.671342 (avg: 0.589760)  sec/iter: 0.0048
Train Epoch: 16 [1053/1053 (100%)] Loss: 0.627891 (avg: 0.593422)  sec/iter: 0.0046
Train Epoch: 17 [1053/1053 (100%)] Loss: 0.599360 (avg: 0.587974)  sec/iter: 0.0047
Train Epoch: 18 [1053/1053 (100%)] Loss: 0.571240 (avg: 0.591776)  sec/iter: 0.0046
Train Epoch: 19 [1053/1053 (100%)] Loss: 0.530424 (avg: 0.586926)  sec/iter: 0.0047
Train Epoch: 20 [1053/1053 (100%)] Loss: 0.564550 (avg: 0.586569)  sec/iter: 0.0049
Train Epoch: 21 [1053/1053 (100%)] Loss: 0.573241 (avg: 0.584203)  sec/iter: 0.0049
Train Epoch: 22 [1053/1053 (100%)] Loss: 0.613037 (avg: 0.583884)  sec/iter: 0.0051
Train Epoch: 23 [1053/1053 (100%)] Loss: 0.474685 (avg: 0.584708)  sec/iter: 0.0049
Train Epoch: 24 [1053/1053 (100%)] Loss: 0.606616 (avg: 0.580878)  sec/iter: 0.0059
Train Epoch: 25 [1053/1053 (100%)] Loss: 0.500609 (avg: 0.582246)  sec/iter: 0.0052
Train Epoch: 26 [1053/1053 (100%)] Loss: 0.498059 (avg: 0.581829)  sec/iter: 0.0054
Train Epoch: 27 [1053/1053 (100%)] Loss: 0.534040 (avg: 0.584071)  sec/iter: 0.0057
Train Epoch: 28 [1053/1053 (100%)] Loss: 0.630769 (avg: 0.585541)  sec/iter: 0.0053
Train Epoch: 29 [1053/1053 (100%)] Loss: 0.513641 (avg: 0.581290)  sec/iter: 0.0050
Train Epoch: 30 [1053/1053 (100%)] Loss: 0.558823 (avg: 0.578641)  sec/iter: 0.0052
Train Epoch: 31 [1053/1053 (100%)] Loss: 0.503049 (avg: 0.579252)  sec/iter: 0.0052
Train Epoch: 32 [1053/1053 (100%)] Loss: 0.523641 (avg: 0.576791)  sec/iter: 0.0051
Train Epoch: 33 [1053/1053 (100%)] Loss: 0.560811 (avg: 0.575178)  sec/iter: 0.0049
Train Epoch: 34 [1053/1053 (100%)] Loss: 0.400694 (avg: 0.573126)  sec/iter: 0.0051
Train Epoch: 35 [1053/1053 (100%)] Loss: 0.591556 (avg: 0.569041)  sec/iter: 0.0051
Train Epoch: 36 [1053/1053 (100%)] Loss: 0.512963 (avg: 0.576043)  sec/iter: 0.0067
Train Epoch: 37 [1053/1053 (100%)] Loss: 0.559821 (avg: 0.572934)  sec/iter: 0.0061
Train Epoch: 38 [1053/1053 (100%)] Loss: 0.661228 (avg: 0.569778)  sec/iter: 0.0052
Train Epoch: 39 [1053/1053 (100%)] Loss: 0.550298 (avg: 0.573158)  sec/iter: 0.0052
Train Epoch: 40 [1053/1053 (100%)] Loss: 0.660074 (avg: 0.572268)  sec/iter: 0.0054
Train Epoch: 41 [1053/1053 (100%)] Loss: 0.646934 (avg: 0.572469)  sec/iter: 0.0052
Train Epoch: 42 [1053/1053 (100%)] Loss: 0.638742 (avg: 0.567545)  sec/iter: 0.0067
Train Epoch: 43 [1053/1053 (100%)] Loss: 0.596739 (avg: 0.569535)  sec/iter: 0.0057
Train Epoch: 44 [1053/1053 (100%)] Loss: 0.482697 (avg: 0.565696)  sec/iter: 0.0052
Train Epoch: 45 [1053/1053 (100%)] Loss: 0.505053 (avg: 0.566273)  sec/iter: 0.0050
Train Epoch: 46 [1053/1053 (100%)] Loss: 0.499702 (avg: 0.565721)  sec/iter: 0.0050
Train Epoch: 47 [1053/1053 (100%)] Loss: 0.539715 (avg: 0.565039)  sec/iter: 0.0050
Train Epoch: 48 [1053/1053 (100%)] Loss: 0.544546 (avg: 0.560960)  sec/iter: 0.0054
Train Epoch: 49 [1053/1053 (100%)] Loss: 0.548745 (avg: 0.562520)  sec/iter: 0.0053
Train Epoch: 50 [1053/1053 (100%)] Loss: 0.622858 (avg: 0.562598)  sec/iter: 0.0054
55 29 118 62
Test set (epoch 50): Average loss: 0.5969, Accuracy: (66.32%), Recall: (45.05%), Precision: (69.08%), F1-Score: (53.16%), FPR: (0.20%)  sec/iter: 0.0076

fn_list(predict == 0 & label == 1): [35, 598, 831, 843, 1005, 91, 531, 126, 458, 869, 287, 967, 1179, 397, 432, 816, 696, 964, 648, 978, 773, 266, 641, 1140, 507, 1011, 1003, 288, 874, 1220, 120, 162, 473, 600, 766, 714, 437, 704, 1084, 720, 1138, 668, 98, 963, 290, 1218, 776, 119, 721, 856, 1042, 464, 1283, 681, 639, 418, 176, 966, 395, 416, 92, 713]
fp_list(predict == 1 & label == 0): [804, 280, 1096, 1301, 170, 1093, 1316, 991, 1094, 736, 660, 988, 1172, 933, 362, 283, 1275, 282, 614, 173, 516, 124, 1229, 197, 1089, 700, 883, 1276, 612]

TRAIN: 1053/1317
TEST: 264/1317
FOLD 3, train 1053, test 264
Initialize model...
N trainable parameters: 41602
Train Epoch: 1 [1053/1053 (100%)] Loss: 0.732370 (avg: 0.683117)  sec/iter: 0.0060
Train Epoch: 2 [1053/1053 (100%)] Loss: 0.627197 (avg: 0.646588)  sec/iter: 0.0055
Train Epoch: 3 [1053/1053 (100%)] Loss: 0.594840 (avg: 0.633075)  sec/iter: 0.0060
Train Epoch: 4 [1053/1053 (100%)] Loss: 0.672255 (avg: 0.618007)  sec/iter: 0.0049
Train Epoch: 5 [1053/1053 (100%)] Loss: 0.557512 (avg: 0.610737)  sec/iter: 0.0050
Train Epoch: 6 [1053/1053 (100%)] Loss: 0.601620 (avg: 0.611701)  sec/iter: 0.0048
Train Epoch: 7 [1053/1053 (100%)] Loss: 0.600973 (avg: 0.611405)  sec/iter: 0.0048
Train Epoch: 8 [1053/1053 (100%)] Loss: 0.602902 (avg: 0.607230)  sec/iter: 0.0048
Train Epoch: 9 [1053/1053 (100%)] Loss: 0.589246 (avg: 0.609189)  sec/iter: 0.0048
Train Epoch: 10 [1053/1053 (100%)] Loss: 0.600223 (avg: 0.604878)  sec/iter: 0.0047
Train Epoch: 11 [1053/1053 (100%)] Loss: 0.621635 (avg: 0.607295)  sec/iter: 0.0060
Train Epoch: 12 [1053/1053 (100%)] Loss: 0.599750 (avg: 0.601937)  sec/iter: 0.0053
Train Epoch: 13 [1053/1053 (100%)] Loss: 0.658533 (avg: 0.604112)  sec/iter: 0.0048
Train Epoch: 14 [1053/1053 (100%)] Loss: 0.630692 (avg: 0.600094)  sec/iter: 0.0048
Train Epoch: 15 [1053/1053 (100%)] Loss: 0.603927 (avg: 0.601852)  sec/iter: 0.0055
Train Epoch: 16 [1053/1053 (100%)] Loss: 0.591394 (avg: 0.594394)  sec/iter: 0.0049
Train Epoch: 17 [1053/1053 (100%)] Loss: 0.579940 (avg: 0.599055)  sec/iter: 0.0061
Train Epoch: 18 [1053/1053 (100%)] Loss: 0.513097 (avg: 0.595056)  sec/iter: 0.0055
Train Epoch: 19 [1053/1053 (100%)] Loss: 0.637708 (avg: 0.599165)  sec/iter: 0.0052
Train Epoch: 20 [1053/1053 (100%)] Loss: 0.558503 (avg: 0.590729)  sec/iter: 0.0047
Train Epoch: 21 [1053/1053 (100%)] Loss: 0.604044 (avg: 0.588622)  sec/iter: 0.0048
Train Epoch: 22 [1053/1053 (100%)] Loss: 0.532973 (avg: 0.590756)  sec/iter: 0.0048
Train Epoch: 23 [1053/1053 (100%)] Loss: 0.590052 (avg: 0.592562)  sec/iter: 0.0049
Train Epoch: 24 [1053/1053 (100%)] Loss: 0.549483 (avg: 0.585994)  sec/iter: 0.0050
Train Epoch: 25 [1053/1053 (100%)] Loss: 0.645427 (avg: 0.589050)  sec/iter: 0.0055
Train Epoch: 26 [1053/1053 (100%)] Loss: 0.571960 (avg: 0.586167)  sec/iter: 0.0055
Train Epoch: 27 [1053/1053 (100%)] Loss: 0.558103 (avg: 0.585156)  sec/iter: 0.0052
Train Epoch: 28 [1053/1053 (100%)] Loss: 0.556148 (avg: 0.587692)  sec/iter: 0.0057
Train Epoch: 29 [1053/1053 (100%)] Loss: 0.524320 (avg: 0.581754)  sec/iter: 0.0053
Train Epoch: 30 [1053/1053 (100%)] Loss: 0.586755 (avg: 0.581666)  sec/iter: 0.0052
Train Epoch: 31 [1053/1053 (100%)] Loss: 0.513149 (avg: 0.583616)  sec/iter: 0.0053
Train Epoch: 32 [1053/1053 (100%)] Loss: 0.546339 (avg: 0.576330)  sec/iter: 0.0050
Train Epoch: 33 [1053/1053 (100%)] Loss: 0.513529 (avg: 0.575752)  sec/iter: 0.0051
Train Epoch: 34 [1053/1053 (100%)] Loss: 0.593948 (avg: 0.577687)  sec/iter: 0.0049
Train Epoch: 35 [1053/1053 (100%)] Loss: 0.674087 (avg: 0.577078)  sec/iter: 0.0051
Train Epoch: 36 [1053/1053 (100%)] Loss: 0.509677 (avg: 0.581004)  sec/iter: 0.0050
Train Epoch: 37 [1053/1053 (100%)] Loss: 0.671396 (avg: 0.577339)  sec/iter: 0.0050
Train Epoch: 38 [1053/1053 (100%)] Loss: 0.622620 (avg: 0.573200)  sec/iter: 0.0054
Train Epoch: 39 [1053/1053 (100%)] Loss: 0.580633 (avg: 0.567809)  sec/iter: 0.0067
Train Epoch: 40 [1053/1053 (100%)] Loss: 0.635715 (avg: 0.570552)  sec/iter: 0.0051
Train Epoch: 41 [1053/1053 (100%)] Loss: 0.464152 (avg: 0.569612)  sec/iter: 0.0051
Train Epoch: 42 [1053/1053 (100%)] Loss: 0.474014 (avg: 0.564926)  sec/iter: 0.0053
Train Epoch: 43 [1053/1053 (100%)] Loss: 0.595080 (avg: 0.564814)  sec/iter: 0.0053
Train Epoch: 44 [1053/1053 (100%)] Loss: 0.560909 (avg: 0.562274)  sec/iter: 0.0069
Train Epoch: 45 [1053/1053 (100%)] Loss: 0.541147 (avg: 0.563493)  sec/iter: 0.0056
Train Epoch: 46 [1053/1053 (100%)] Loss: 0.613803 (avg: 0.567655)  sec/iter: 0.0052
Train Epoch: 47 [1053/1053 (100%)] Loss: 0.592398 (avg: 0.559789)  sec/iter: 0.0051
Train Epoch: 48 [1053/1053 (100%)] Loss: 0.514150 (avg: 0.562266)  sec/iter: 0.0051
Train Epoch: 49 [1053/1053 (100%)] Loss: 0.547776 (avg: 0.559536)  sec/iter: 0.0049
Train Epoch: 50 [1053/1053 (100%)] Loss: 0.508082 (avg: 0.551826)  sec/iter: 0.0055
58 29 113 64
Test set (epoch 50): Average loss: 0.5998, Accuracy: (67.71%), Recall: (52.59%), Precision: (68.78%), F1-Score: (58.20%), FPR: (0.20%)  sec/iter: 0.0082

fn_list(predict == 0 & label == 1): [1113, 693, 1114, 435, 88, 845, 712, 275, 968, 962, 818, 465, 21, 307, 165, 309, 460, 599, 438, 667, 398, 380, 1098, 584, 759, 565, 271, 1115, 236, 528, 1067, 459, 436, 564, 474, 1136, 258, 829, 338, 308, 669, 238, 381, 767, 175, 486, 83, 187, 267, 828, 189, 768, 99, 97, 237, 440, 680, 430, 679, 1150, 475, 857, 400, 429]
fp_list(predict == 1 & label == 0): [664, 361, 133, 1315, 454, 1317, 609, 990, 369, 27, 29, 116, 615, 1054, 942, 989, 1300, 663, 365, 1091, 932, 453, 196, 367, 935, 370, 499, 934, 172]

TRAIN: 1056/1317
TEST: 261/1317
FOLD 4, train 1056, test 261
Initialize model...
N trainable parameters: 41602
Train Epoch: 1 [1056/1056 (100%)] Loss: 0.586727 (avg: 0.682396)  sec/iter: 0.0049
Train Epoch: 2 [1056/1056 (100%)] Loss: 0.566095 (avg: 0.630382)  sec/iter: 0.0051
Train Epoch: 3 [1056/1056 (100%)] Loss: 0.537184 (avg: 0.612178)  sec/iter: 0.0055
Train Epoch: 4 [1056/1056 (100%)] Loss: 0.515586 (avg: 0.604770)  sec/iter: 0.0060
Train Epoch: 5 [1056/1056 (100%)] Loss: 0.713883 (avg: 0.602438)  sec/iter: 0.0056
Train Epoch: 6 [1056/1056 (100%)] Loss: 0.556134 (avg: 0.603177)  sec/iter: 0.0047
Train Epoch: 7 [1056/1056 (100%)] Loss: 0.497918 (avg: 0.597774)  sec/iter: 0.0047
Train Epoch: 8 [1056/1056 (100%)] Loss: 0.593491 (avg: 0.599503)  sec/iter: 0.0048
Train Epoch: 9 [1056/1056 (100%)] Loss: 0.534757 (avg: 0.595169)  sec/iter: 0.0047
Train Epoch: 10 [1056/1056 (100%)] Loss: 0.546255 (avg: 0.596328)  sec/iter: 0.0047
Train Epoch: 11 [1056/1056 (100%)] Loss: 0.602803 (avg: 0.597952)  sec/iter: 0.0048
Train Epoch: 12 [1056/1056 (100%)] Loss: 0.636969 (avg: 0.595519)  sec/iter: 0.0047
Train Epoch: 13 [1056/1056 (100%)] Loss: 0.579244 (avg: 0.593829)  sec/iter: 0.0049
Train Epoch: 14 [1056/1056 (100%)] Loss: 0.634892 (avg: 0.594161)  sec/iter: 0.0052
Train Epoch: 15 [1056/1056 (100%)] Loss: 0.585218 (avg: 0.589656)  sec/iter: 0.0058
Train Epoch: 16 [1056/1056 (100%)] Loss: 0.617099 (avg: 0.587133)  sec/iter: 0.0052
Train Epoch: 17 [1056/1056 (100%)] Loss: 0.539680 (avg: 0.590089)  sec/iter: 0.0048
Train Epoch: 18 [1056/1056 (100%)] Loss: 0.572097 (avg: 0.586938)  sec/iter: 0.0050
Train Epoch: 19 [1056/1056 (100%)] Loss: 0.647083 (avg: 0.588562)  sec/iter: 0.0050
Train Epoch: 20 [1056/1056 (100%)] Loss: 0.546505 (avg: 0.586311)  sec/iter: 0.0050
Train Epoch: 21 [1056/1056 (100%)] Loss: 0.723212 (avg: 0.584176)  sec/iter: 0.0049
Train Epoch: 22 [1056/1056 (100%)] Loss: 0.703904 (avg: 0.585117)  sec/iter: 0.0066
Train Epoch: 23 [1056/1056 (100%)] Loss: 0.618365 (avg: 0.583922)  sec/iter: 0.0054
Train Epoch: 24 [1056/1056 (100%)] Loss: 0.548784 (avg: 0.582544)  sec/iter: 0.0052
Train Epoch: 25 [1056/1056 (100%)] Loss: 0.567920 (avg: 0.584111)  sec/iter: 0.0049
Train Epoch: 26 [1056/1056 (100%)] Loss: 0.591556 (avg: 0.576535)  sec/iter: 0.0049
Train Epoch: 27 [1056/1056 (100%)] Loss: 0.528406 (avg: 0.583848)  sec/iter: 0.0048
Train Epoch: 28 [1056/1056 (100%)] Loss: 0.516983 (avg: 0.580037)  sec/iter: 0.0050
Train Epoch: 29 [1056/1056 (100%)] Loss: 0.522107 (avg: 0.581692)  sec/iter: 0.0048
Train Epoch: 30 [1056/1056 (100%)] Loss: 0.555949 (avg: 0.577345)  sec/iter: 0.0052
Train Epoch: 31 [1056/1056 (100%)] Loss: 0.492720 (avg: 0.577156)  sec/iter: 0.0052
Train Epoch: 32 [1056/1056 (100%)] Loss: 0.572693 (avg: 0.576629)  sec/iter: 0.0054
Train Epoch: 33 [1056/1056 (100%)] Loss: 0.543656 (avg: 0.577407)  sec/iter: 0.0057
Train Epoch: 34 [1056/1056 (100%)] Loss: 0.668597 (avg: 0.575321)  sec/iter: 0.0056
Train Epoch: 35 [1056/1056 (100%)] Loss: 0.514015 (avg: 0.578743)  sec/iter: 0.0058
Train Epoch: 36 [1056/1056 (100%)] Loss: 0.585177 (avg: 0.573753)  sec/iter: 0.0051
Train Epoch: 37 [1056/1056 (100%)] Loss: 0.534853 (avg: 0.571621)  sec/iter: 0.0052
Train Epoch: 38 [1056/1056 (100%)] Loss: 0.527032 (avg: 0.567942)  sec/iter: 0.0050
Train Epoch: 39 [1056/1056 (100%)] Loss: 0.560555 (avg: 0.567944)  sec/iter: 0.0051
Train Epoch: 40 [1056/1056 (100%)] Loss: 0.562545 (avg: 0.575317)  sec/iter: 0.0054
Train Epoch: 41 [1056/1056 (100%)] Loss: 0.557259 (avg: 0.567732)  sec/iter: 0.0051
Train Epoch: 42 [1056/1056 (100%)] Loss: 0.576241 (avg: 0.567752)  sec/iter: 0.0055
Train Epoch: 43 [1056/1056 (100%)] Loss: 0.527126 (avg: 0.565677)  sec/iter: 0.0051
Train Epoch: 44 [1056/1056 (100%)] Loss: 0.641030 (avg: 0.564811)  sec/iter: 0.0052
Train Epoch: 45 [1056/1056 (100%)] Loss: 0.584279 (avg: 0.565430)  sec/iter: 0.0051
Train Epoch: 46 [1056/1056 (100%)] Loss: 0.670843 (avg: 0.560134)  sec/iter: 0.0051
Train Epoch: 47 [1056/1056 (100%)] Loss: 0.587984 (avg: 0.565175)  sec/iter: 0.0056
Train Epoch: 48 [1056/1056 (100%)] Loss: 0.574071 (avg: 0.564725)  sec/iter: 0.0055
Train Epoch: 49 [1056/1056 (100%)] Loss: 0.721484 (avg: 0.559429)  sec/iter: 0.0054
Train Epoch: 50 [1056/1056 (100%)] Loss: 0.634215 (avg: 0.561209)  sec/iter: 0.0055
56 48 104 53
Test set (epoch 50): Average loss: 0.5910, Accuracy: (63.06%), Recall: (46.46%), Precision: (48.78%), F1-Score: (46.90%), FPR: (0.32%)  sec/iter: 0.0083

fn_list(predict == 0 & label == 1): [188, 855, 1066, 624, 1149, 43, 1251, 1065, 84, 774, 383, 273, 506, 259, 224, 781, 1085, 382, 965, 530, 1079, 1099, 337, 581, 1009, 336, 979, 751, 1097, 706, 808, 1008, 607, 775, 540, 441, 722, 265, 647, 399, 1253, 274, 830, 212, 431, 260, 1061, 815, 264, 1002, 542, 813, 582]
fp_list(predict == 1 & label == 0): [456, 517, 735, 825, 918, 295, 737, 1227, 1173, 199, 218, 504, 1298, 132, 166, 130, 661, 366, 268, 498, 884, 823, 611, 331, 1224, 219, 1056, 494, 387, 200, 906, 1053, 917, 360, 905, 174, 1299, 26, 1055, 586, 334, 944, 919, 826, 115, 1231, 659, 444]

[[68.05555555555556, 49.621848739495796, 69.66012382679051, 57.04343715588094, 0.19594594594594594], [68.75, 62.41622574955909, 66.05250958192134, 63.51848270854119, 0.24475524475524477], [66.31944444444444, 45.054142480613066, 69.07968574635241, 53.16171640009721, 0.19727891156462585], [67.70833333333333, 52.590544989925796, 68.77665544332211, 58.20437532541299, 0.20422535211267606], [63.05555555555556, 46.45712403065343, 48.78225260578202, 46.89628811967643, 0.3157894736842105]]
5-fold cross validation avg acc (+- std): 66.77777777777777% (2.0225388946190654%), recall (+- std): 51.22797719804944% (6.172364544099249%), precision (+- std): 64.47024544083368% (7.941582004934521%), F1-Score (+- std): 55.764859941921756% (5.534122938118594%), FPR (+- fpr): 0.2315989856125406% (0.04573717955336339%)
