using torch 1.0.0
dataset SMART_CONTRACT_COMPARE_CHEM_CORENODES_1584
model gcn_modify
lr 0.002
lr_decay_steps [2, 5]
wd 0.0001
dropout 0.2
filters [64, 64, 64]
n_hidden 0
epochs 40
batch_size 32
threads 2
log_interval 1
device cpu
seed 4026
shuffle_nodes True
folds 5
adj_sq False
scale_identity False
use_cont_node_attr True
alpha 0.2
multi_head 4
Loading data...
Class 0: 			1044 samples
Class 1: 			540 samples
feature 0, count 3168/4752
feature 1, count 1584/4752
TRAIN: 1267/1584
TEST: 317/1584
FOLD 0, train 1267, test 317
Initialize model...
N trainable parameters: 31042
Train Epoch: 1 [1267/1267 (100%)] Loss: 0.331401 (avg: 0.572661)  sec/iter: 0.0038
Train Epoch: 2 [1267/1267 (100%)] Loss: 0.351238 (avg: 0.393674)  sec/iter: 0.0039
Train Epoch: 3 [1267/1267 (100%)] Loss: 0.210175 (avg: 0.340977)  sec/iter: 0.0041
Train Epoch: 4 [1267/1267 (100%)] Loss: 0.207544 (avg: 0.332732)  sec/iter: 0.0038
Train Epoch: 5 [1267/1267 (100%)] Loss: 0.209016 (avg: 0.330921)  sec/iter: 0.0039
Train Epoch: 6 [1267/1267 (100%)] Loss: 0.233560 (avg: 0.331095)  sec/iter: 0.0042
Train Epoch: 7 [1267/1267 (100%)] Loss: 0.213351 (avg: 0.326698)  sec/iter: 0.0042
Train Epoch: 8 [1267/1267 (100%)] Loss: 0.382514 (avg: 0.326312)  sec/iter: 0.0044
Train Epoch: 9 [1267/1267 (100%)] Loss: 0.372194 (avg: 0.326851)  sec/iter: 0.0051
Train Epoch: 10 [1267/1267 (100%)] Loss: 0.193163 (avg: 0.328530)  sec/iter: 0.0048
Train Epoch: 11 [1267/1267 (100%)] Loss: 0.368945 (avg: 0.326516)  sec/iter: 0.0044
Train Epoch: 12 [1267/1267 (100%)] Loss: 0.546008 (avg: 0.324155)  sec/iter: 0.0044
Train Epoch: 13 [1267/1267 (100%)] Loss: 0.418724 (avg: 0.325759)  sec/iter: 0.0046
Train Epoch: 14 [1267/1267 (100%)] Loss: 0.247154 (avg: 0.326786)  sec/iter: 0.0043
Train Epoch: 15 [1267/1267 (100%)] Loss: 0.158744 (avg: 0.325936)  sec/iter: 0.0046
Train Epoch: 16 [1267/1267 (100%)] Loss: 0.108942 (avg: 0.326414)  sec/iter: 0.0044
Train Epoch: 17 [1267/1267 (100%)] Loss: 0.307714 (avg: 0.325590)  sec/iter: 0.0045
Train Epoch: 18 [1267/1267 (100%)] Loss: 0.282500 (avg: 0.323190)  sec/iter: 0.0044
Train Epoch: 19 [1267/1267 (100%)] Loss: 0.534855 (avg: 0.325457)  sec/iter: 0.0044
Train Epoch: 20 [1267/1267 (100%)] Loss: 0.347652 (avg: 0.322948)  sec/iter: 0.0045
Train Epoch: 21 [1267/1267 (100%)] Loss: 0.378148 (avg: 0.324236)  sec/iter: 0.0046
Train Epoch: 22 [1267/1267 (100%)] Loss: 0.281346 (avg: 0.321962)  sec/iter: 0.0045
Train Epoch: 23 [1267/1267 (100%)] Loss: 0.287350 (avg: 0.325230)  sec/iter: 0.0046
Train Epoch: 24 [1267/1267 (100%)] Loss: 0.291881 (avg: 0.324214)  sec/iter: 0.0046
Train Epoch: 25 [1267/1267 (100%)] Loss: 0.449510 (avg: 0.323173)  sec/iter: 0.0047
Train Epoch: 26 [1267/1267 (100%)] Loss: 0.235491 (avg: 0.323839)  sec/iter: 0.0046
Train Epoch: 27 [1267/1267 (100%)] Loss: 0.325707 (avg: 0.327304)  sec/iter: 0.0046
Train Epoch: 28 [1267/1267 (100%)] Loss: 0.257706 (avg: 0.323307)  sec/iter: 0.0045
Train Epoch: 29 [1267/1267 (100%)] Loss: 0.107232 (avg: 0.319448)  sec/iter: 0.0046
Train Epoch: 30 [1267/1267 (100%)] Loss: 0.274472 (avg: 0.323480)  sec/iter: 0.0045
Train Epoch: 31 [1267/1267 (100%)] Loss: 0.156764 (avg: 0.322378)  sec/iter: 0.0048
Train Epoch: 32 [1267/1267 (100%)] Loss: 0.588181 (avg: 0.320285)  sec/iter: 0.0048
Train Epoch: 33 [1267/1267 (100%)] Loss: 0.496537 (avg: 0.322908)  sec/iter: 0.0046
Train Epoch: 34 [1267/1267 (100%)] Loss: 0.288161 (avg: 0.320806)  sec/iter: 0.0054
Train Epoch: 35 [1267/1267 (100%)] Loss: 0.537787 (avg: 0.320670)  sec/iter: 0.0050
Train Epoch: 36 [1267/1267 (100%)] Loss: 0.190630 (avg: 0.320346)  sec/iter: 0.0048
Train Epoch: 37 [1267/1267 (100%)] Loss: 0.199447 (avg: 0.318930)  sec/iter: 0.0046
Train Epoch: 38 [1267/1267 (100%)] Loss: 0.277670 (avg: 0.318938)  sec/iter: 0.0049
Train Epoch: 39 [1267/1267 (100%)] Loss: 0.332227 (avg: 0.317079)  sec/iter: 0.0051
Train Epoch: 40 [1267/1267 (100%)] Loss: 0.198212 (avg: 0.322045)  sec/iter: 0.0049
Test set (epoch 40): Average loss: 0.3180, Accuracy: (87.37%), Recall: (86.17%), Precision: (80.50%), F1-Score: (82.61%), FPR: (0.12%)  sec/iter: 0.0069

fn_list(predict == 0 & label == 1): [226, 590, 753, 1363, 1364, 751, 1523, 1191, 587, 1530, 765, 155, 757, 1366, 1368, 151]
fp_list(predict == 1 & label == 0): [585, 145, 1174, 1376, 171, 797, 1147, 1377, 683, 1160, 24, 173, 146, 23, 584, 237, 1579, 1173, 1082, 225, 1580, 1179, 147, 167]

TRAIN: 1267/1584
TEST: 317/1584
FOLD 1, train 1267, test 317
Initialize model...
N trainable parameters: 31042
Train Epoch: 1 [1267/1267 (100%)] Loss: 0.517530 (avg: 0.567070)  sec/iter: 0.0038
Train Epoch: 2 [1267/1267 (100%)] Loss: 0.331230 (avg: 0.379153)  sec/iter: 0.0037
Train Epoch: 3 [1267/1267 (100%)] Loss: 0.307953 (avg: 0.338631)  sec/iter: 0.0040
Train Epoch: 4 [1267/1267 (100%)] Loss: 0.227663 (avg: 0.331993)  sec/iter: 0.0039
Train Epoch: 5 [1267/1267 (100%)] Loss: 0.222439 (avg: 0.333948)  sec/iter: 0.0040
Train Epoch: 6 [1267/1267 (100%)] Loss: 0.442253 (avg: 0.324899)  sec/iter: 0.0044
Train Epoch: 7 [1267/1267 (100%)] Loss: 0.367120 (avg: 0.325539)  sec/iter: 0.0045
Train Epoch: 8 [1267/1267 (100%)] Loss: 0.135783 (avg: 0.326810)  sec/iter: 0.0045
Train Epoch: 9 [1267/1267 (100%)] Loss: 0.285398 (avg: 0.327656)  sec/iter: 0.0044
Train Epoch: 10 [1267/1267 (100%)] Loss: 0.186261 (avg: 0.329239)  sec/iter: 0.0063
Train Epoch: 11 [1267/1267 (100%)] Loss: 0.478009 (avg: 0.323637)  sec/iter: 0.0053
Train Epoch: 12 [1267/1267 (100%)] Loss: 0.283210 (avg: 0.324824)  sec/iter: 0.0048
Train Epoch: 13 [1267/1267 (100%)] Loss: 0.176156 (avg: 0.323342)  sec/iter: 0.0044
Train Epoch: 14 [1267/1267 (100%)] Loss: 0.155864 (avg: 0.324286)  sec/iter: 0.0043
Train Epoch: 15 [1267/1267 (100%)] Loss: 0.411689 (avg: 0.323530)  sec/iter: 0.0044
Train Epoch: 16 [1267/1267 (100%)] Loss: 0.310981 (avg: 0.321714)  sec/iter: 0.0044
Train Epoch: 17 [1267/1267 (100%)] Loss: 0.222451 (avg: 0.327484)  sec/iter: 0.0046
Train Epoch: 18 [1267/1267 (100%)] Loss: 0.403858 (avg: 0.325721)  sec/iter: 0.0045
Train Epoch: 19 [1267/1267 (100%)] Loss: 0.396847 (avg: 0.322861)  sec/iter: 0.0047
Train Epoch: 20 [1267/1267 (100%)] Loss: 0.527142 (avg: 0.324223)  sec/iter: 0.0045
Train Epoch: 21 [1267/1267 (100%)] Loss: 0.337586 (avg: 0.323590)  sec/iter: 0.0044
Train Epoch: 22 [1267/1267 (100%)] Loss: 0.237930 (avg: 0.324229)  sec/iter: 0.0048
Train Epoch: 23 [1267/1267 (100%)] Loss: 0.406828 (avg: 0.322190)  sec/iter: 0.0047
Train Epoch: 24 [1267/1267 (100%)] Loss: 0.285896 (avg: 0.323150)  sec/iter: 0.0043
Train Epoch: 25 [1267/1267 (100%)] Loss: 0.393702 (avg: 0.322913)  sec/iter: 0.0047
Train Epoch: 26 [1267/1267 (100%)] Loss: 0.340227 (avg: 0.324177)  sec/iter: 0.0051
Train Epoch: 27 [1267/1267 (100%)] Loss: 0.318216 (avg: 0.322198)  sec/iter: 0.0044
Train Epoch: 28 [1267/1267 (100%)] Loss: 0.212676 (avg: 0.322898)  sec/iter: 0.0046
Train Epoch: 29 [1267/1267 (100%)] Loss: 0.300986 (avg: 0.323900)  sec/iter: 0.0050
Train Epoch: 30 [1267/1267 (100%)] Loss: 0.288315 (avg: 0.322902)  sec/iter: 0.0050
Train Epoch: 31 [1267/1267 (100%)] Loss: 0.290780 (avg: 0.321021)  sec/iter: 0.0046
Train Epoch: 32 [1267/1267 (100%)] Loss: 0.515461 (avg: 0.322369)  sec/iter: 0.0045
Train Epoch: 33 [1267/1267 (100%)] Loss: 0.372777 (avg: 0.320093)  sec/iter: 0.0052
Train Epoch: 34 [1267/1267 (100%)] Loss: 0.493103 (avg: 0.322803)  sec/iter: 0.0050
Train Epoch: 35 [1267/1267 (100%)] Loss: 0.405802 (avg: 0.323336)  sec/iter: 0.0047
Train Epoch: 36 [1267/1267 (100%)] Loss: 0.285296 (avg: 0.322131)  sec/iter: 0.0050
Train Epoch: 37 [1267/1267 (100%)] Loss: 0.329493 (avg: 0.320625)  sec/iter: 0.0049
Train Epoch: 38 [1267/1267 (100%)] Loss: 0.219212 (avg: 0.318118)  sec/iter: 0.0047
Train Epoch: 39 [1267/1267 (100%)] Loss: 0.162297 (avg: 0.318484)  sec/iter: 0.0049
Train Epoch: 40 [1267/1267 (100%)] Loss: 0.464616 (avg: 0.320861)  sec/iter: 0.0051
Test set (epoch 40): Average loss: 0.3016, Accuracy: (87.40%), Recall: (83.52%), Precision: (83.17%), F1-Score: (82.81%), FPR: (0.10%)  sec/iter: 0.0072

fn_list(predict == 0 & label == 1): [593, 594, 749, 1369, 763, 764, 1189, 159, 227, 158, 1371, 228, 1365, 750, 156, 586, 1528, 761, 152]
fp_list(predict == 1 & label == 0): [1171, 257, 1151, 1176, 1163, 169, 1372, 1167, 1086, 1314, 1153, 161, 1552, 1149, 1375, 1271, 1373, 256, 1158, 1313, 371]

TRAIN: 1267/1584
TEST: 317/1584
FOLD 2, train 1267, test 317
Initialize model...
N trainable parameters: 31042
Train Epoch: 1 [1267/1267 (100%)] Loss: 0.641444 (avg: 0.609595)  sec/iter: 0.0035
Train Epoch: 2 [1267/1267 (100%)] Loss: 0.274954 (avg: 0.399819)  sec/iter: 0.0039
Train Epoch: 3 [1267/1267 (100%)] Loss: 0.352351 (avg: 0.339207)  sec/iter: 0.0042
Train Epoch: 4 [1267/1267 (100%)] Loss: 0.208471 (avg: 0.338047)  sec/iter: 0.0038
Train Epoch: 5 [1267/1267 (100%)] Loss: 0.441917 (avg: 0.332933)  sec/iter: 0.0040
Train Epoch: 6 [1267/1267 (100%)] Loss: 0.346273 (avg: 0.331465)  sec/iter: 0.0045
Train Epoch: 7 [1267/1267 (100%)] Loss: 0.198626 (avg: 0.327734)  sec/iter: 0.0044
Train Epoch: 8 [1267/1267 (100%)] Loss: 0.244477 (avg: 0.332326)  sec/iter: 0.0045
Train Epoch: 9 [1267/1267 (100%)] Loss: 0.201003 (avg: 0.327007)  sec/iter: 0.0045
Train Epoch: 10 [1267/1267 (100%)] Loss: 0.260487 (avg: 0.323688)  sec/iter: 0.0046
Train Epoch: 11 [1267/1267 (100%)] Loss: 0.209937 (avg: 0.328451)  sec/iter: 0.0046
Train Epoch: 12 [1267/1267 (100%)] Loss: 0.446697 (avg: 0.327413)  sec/iter: 0.0043
Train Epoch: 13 [1267/1267 (100%)] Loss: 0.221327 (avg: 0.327704)  sec/iter: 0.0045
Train Epoch: 14 [1267/1267 (100%)] Loss: 0.323728 (avg: 0.325451)  sec/iter: 0.0044
Train Epoch: 15 [1267/1267 (100%)] Loss: 0.563271 (avg: 0.326872)  sec/iter: 0.0045
Train Epoch: 16 [1267/1267 (100%)] Loss: 0.234061 (avg: 0.322806)  sec/iter: 0.0046
Train Epoch: 17 [1267/1267 (100%)] Loss: 0.271285 (avg: 0.321231)  sec/iter: 0.0044
Train Epoch: 18 [1267/1267 (100%)] Loss: 0.116434 (avg: 0.321619)  sec/iter: 0.0045
Train Epoch: 19 [1267/1267 (100%)] Loss: 0.490426 (avg: 0.322790)  sec/iter: 0.0046
Train Epoch: 20 [1267/1267 (100%)] Loss: 0.312370 (avg: 0.322742)  sec/iter: 0.0044
Train Epoch: 21 [1267/1267 (100%)] Loss: 0.323563 (avg: 0.324651)  sec/iter: 0.0045
Train Epoch: 22 [1267/1267 (100%)] Loss: 0.436723 (avg: 0.326646)  sec/iter: 0.0045
Train Epoch: 23 [1267/1267 (100%)] Loss: 0.476359 (avg: 0.324228)  sec/iter: 0.0044
Train Epoch: 24 [1267/1267 (100%)] Loss: 0.170159 (avg: 0.323352)  sec/iter: 0.0044
Train Epoch: 25 [1267/1267 (100%)] Loss: 0.206813 (avg: 0.323704)  sec/iter: 0.0047
Train Epoch: 26 [1267/1267 (100%)] Loss: 0.339477 (avg: 0.324567)  sec/iter: 0.0048
Train Epoch: 27 [1267/1267 (100%)] Loss: 0.477220 (avg: 0.321894)  sec/iter: 0.0045
Train Epoch: 28 [1267/1267 (100%)] Loss: 0.239795 (avg: 0.318548)  sec/iter: 0.0048
Train Epoch: 29 [1267/1267 (100%)] Loss: 0.386023 (avg: 0.323906)  sec/iter: 0.0047
Train Epoch: 30 [1267/1267 (100%)] Loss: 0.360097 (avg: 0.321379)  sec/iter: 0.0047
Train Epoch: 31 [1267/1267 (100%)] Loss: 0.322161 (avg: 0.327294)  sec/iter: 0.0048
Train Epoch: 32 [1267/1267 (100%)] Loss: 0.531736 (avg: 0.322183)  sec/iter: 0.0048
Train Epoch: 33 [1267/1267 (100%)] Loss: 0.425025 (avg: 0.316160)  sec/iter: 0.0046
Train Epoch: 34 [1267/1267 (100%)] Loss: 0.303336 (avg: 0.321603)  sec/iter: 0.0048
Train Epoch: 35 [1267/1267 (100%)] Loss: 0.157251 (avg: 0.319742)  sec/iter: 0.0049
Train Epoch: 36 [1267/1267 (100%)] Loss: 0.207274 (avg: 0.320623)  sec/iter: 0.0046
Train Epoch: 37 [1267/1267 (100%)] Loss: 0.258887 (avg: 0.320636)  sec/iter: 0.0047
Train Epoch: 38 [1267/1267 (100%)] Loss: 0.283111 (avg: 0.319571)  sec/iter: 0.0049
Train Epoch: 39 [1267/1267 (100%)] Loss: 0.132850 (avg: 0.319571)  sec/iter: 0.0047
Train Epoch: 40 [1267/1267 (100%)] Loss: 0.149926 (avg: 0.318612)  sec/iter: 0.0048
Test set (epoch 40): Average loss: 0.3249, Accuracy: (85.74%), Recall: (90.06%), Precision: (70.01%), F1-Score: (78.57%), FPR: (0.16%)  sec/iter: 0.0068

fn_list(predict == 0 & label == 1): [748, 591, 1187, 157, 1529, 1186, 1524, 760, 1525, 589]
fp_list(predict == 1 & label == 0): [1162, 1170, 1550, 1050, 372, 1168, 1166, 1581, 377, 164, 374, 1075, 375, 149, 1551, 1072, 258, 165, 1272, 1049, 1312, 1074, 148, 1265, 1150, 1079, 1155, 235, 1081, 1270, 1080, 1083, 168, 376, 1085]

TRAIN: 1267/1584
TEST: 317/1584
FOLD 3, train 1267, test 317
Initialize model...
N trainable parameters: 31042
Train Epoch: 1 [1267/1267 (100%)] Loss: 0.631867 (avg: 0.591901)  sec/iter: 0.0037
Train Epoch: 2 [1267/1267 (100%)] Loss: 0.386864 (avg: 0.402372)  sec/iter: 0.0037
Train Epoch: 3 [1267/1267 (100%)] Loss: 0.439743 (avg: 0.352588)  sec/iter: 0.0039
Train Epoch: 4 [1267/1267 (100%)] Loss: 0.292878 (avg: 0.348130)  sec/iter: 0.0039
Train Epoch: 5 [1267/1267 (100%)] Loss: 0.236111 (avg: 0.341351)  sec/iter: 0.0039
Train Epoch: 6 [1267/1267 (100%)] Loss: 0.358868 (avg: 0.336802)  sec/iter: 0.0044
Train Epoch: 7 [1267/1267 (100%)] Loss: 0.216152 (avg: 0.339752)  sec/iter: 0.0044
Train Epoch: 8 [1267/1267 (100%)] Loss: 0.276342 (avg: 0.337471)  sec/iter: 0.0043
Train Epoch: 9 [1267/1267 (100%)] Loss: 0.421797 (avg: 0.336925)  sec/iter: 0.0045
Train Epoch: 10 [1267/1267 (100%)] Loss: 0.459448 (avg: 0.334103)  sec/iter: 0.0046
Train Epoch: 11 [1267/1267 (100%)] Loss: 0.312014 (avg: 0.336188)  sec/iter: 0.0044
Train Epoch: 12 [1267/1267 (100%)] Loss: 0.244971 (avg: 0.333880)  sec/iter: 0.0044
Train Epoch: 13 [1267/1267 (100%)] Loss: 0.188242 (avg: 0.333403)  sec/iter: 0.0044
Train Epoch: 14 [1267/1267 (100%)] Loss: 0.186634 (avg: 0.334199)  sec/iter: 0.0044
Train Epoch: 15 [1267/1267 (100%)] Loss: 0.245279 (avg: 0.337199)  sec/iter: 0.0043
Train Epoch: 16 [1267/1267 (100%)] Loss: 0.388021 (avg: 0.331824)  sec/iter: 0.0047
Train Epoch: 17 [1267/1267 (100%)] Loss: 0.304012 (avg: 0.335682)  sec/iter: 0.0045
Train Epoch: 18 [1267/1267 (100%)] Loss: 0.177077 (avg: 0.333513)  sec/iter: 0.0044
Train Epoch: 19 [1267/1267 (100%)] Loss: 0.344396 (avg: 0.336048)  sec/iter: 0.0046
Train Epoch: 20 [1267/1267 (100%)] Loss: 0.463376 (avg: 0.334494)  sec/iter: 0.0044
Train Epoch: 21 [1267/1267 (100%)] Loss: 0.233478 (avg: 0.334500)  sec/iter: 0.0044
Train Epoch: 22 [1267/1267 (100%)] Loss: 0.383323 (avg: 0.335694)  sec/iter: 0.0044
Train Epoch: 23 [1267/1267 (100%)] Loss: 0.323811 (avg: 0.331102)  sec/iter: 0.0044
Train Epoch: 24 [1267/1267 (100%)] Loss: 0.383628 (avg: 0.334474)  sec/iter: 0.0044
Train Epoch: 25 [1267/1267 (100%)] Loss: 0.282624 (avg: 0.331256)  sec/iter: 0.0044
Train Epoch: 26 [1267/1267 (100%)] Loss: 0.188131 (avg: 0.329606)  sec/iter: 0.0048
Train Epoch: 27 [1267/1267 (100%)] Loss: 0.202979 (avg: 0.329349)  sec/iter: 0.0045
Train Epoch: 28 [1267/1267 (100%)] Loss: 0.389011 (avg: 0.328032)  sec/iter: 0.0045
Train Epoch: 29 [1267/1267 (100%)] Loss: 0.524642 (avg: 0.330783)  sec/iter: 0.0046
Train Epoch: 30 [1267/1267 (100%)] Loss: 0.476801 (avg: 0.332999)  sec/iter: 0.0047
Train Epoch: 31 [1267/1267 (100%)] Loss: 0.206553 (avg: 0.332565)  sec/iter: 0.0049
Train Epoch: 32 [1267/1267 (100%)] Loss: 0.228450 (avg: 0.329801)  sec/iter: 0.0047
Train Epoch: 33 [1267/1267 (100%)] Loss: 0.427148 (avg: 0.331178)  sec/iter: 0.0047
Train Epoch: 34 [1267/1267 (100%)] Loss: 0.200838 (avg: 0.330381)  sec/iter: 0.0047
Train Epoch: 35 [1267/1267 (100%)] Loss: 0.327711 (avg: 0.327178)  sec/iter: 0.0047
Train Epoch: 36 [1267/1267 (100%)] Loss: 0.345530 (avg: 0.329546)  sec/iter: 0.0049
Train Epoch: 37 [1267/1267 (100%)] Loss: 0.328639 (avg: 0.325294)  sec/iter: 0.0048
Train Epoch: 38 [1267/1267 (100%)] Loss: 0.402811 (avg: 0.326702)  sec/iter: 0.0049
Train Epoch: 39 [1267/1267 (100%)] Loss: 0.347529 (avg: 0.328467)  sec/iter: 0.0047
Train Epoch: 40 [1267/1267 (100%)] Loss: 0.597178 (avg: 0.328776)  sec/iter: 0.0050
Test set (epoch 40): Average loss: 0.3011, Accuracy: (88.00%), Recall: (86.43%), Precision: (78.34%), F1-Score: (81.60%), FPR: (0.11%)  sec/iter: 0.0066

fn_list(predict == 0 & label == 1): [1184, 1527, 754, 1526, 592, 154, 233, 231, 588, 1185, 1370, 234, 758, 756]
fp_list(predict == 1 & label == 0): [1387, 221, 1175, 1374, 1389, 1165, 1154, 163, 1077, 1431, 22, 1076, 682, 1553, 1148, 370, 1157, 1245, 1161, 174, 1172, 224, 1267, 1152]

TRAIN: 1268/1584
TEST: 316/1584
FOLD 4, train 1268, test 316
Initialize model...
N trainable parameters: 31042
Train Epoch: 1 [1268/1268 (100%)] Loss: 0.478751 (avg: 0.565473)  sec/iter: 0.0035
Train Epoch: 2 [1268/1268 (100%)] Loss: 0.448440 (avg: 0.368583)  sec/iter: 0.0036
Train Epoch: 3 [1268/1268 (100%)] Loss: 0.296575 (avg: 0.326505)  sec/iter: 0.0040
Train Epoch: 4 [1268/1268 (100%)] Loss: 0.339381 (avg: 0.321874)  sec/iter: 0.0039
Train Epoch: 5 [1268/1268 (100%)] Loss: 0.357832 (avg: 0.319102)  sec/iter: 0.0038
Train Epoch: 6 [1268/1268 (100%)] Loss: 0.428086 (avg: 0.311373)  sec/iter: 0.0043
Train Epoch: 7 [1268/1268 (100%)] Loss: 0.192187 (avg: 0.312940)  sec/iter: 0.0044
Train Epoch: 8 [1268/1268 (100%)] Loss: 0.086435 (avg: 0.313437)  sec/iter: 0.0046
Train Epoch: 9 [1268/1268 (100%)] Loss: 0.256740 (avg: 0.312948)  sec/iter: 0.0046
Train Epoch: 10 [1268/1268 (100%)] Loss: 0.440133 (avg: 0.312959)  sec/iter: 0.0046
Train Epoch: 11 [1268/1268 (100%)] Loss: 0.326484 (avg: 0.309255)  sec/iter: 0.0043
Train Epoch: 12 [1268/1268 (100%)] Loss: 0.386672 (avg: 0.310784)  sec/iter: 0.0045
Train Epoch: 13 [1268/1268 (100%)] Loss: 0.387153 (avg: 0.312080)  sec/iter: 0.0043
Train Epoch: 14 [1268/1268 (100%)] Loss: 0.397813 (avg: 0.307372)  sec/iter: 0.0048
Train Epoch: 15 [1268/1268 (100%)] Loss: 0.409994 (avg: 0.310799)  sec/iter: 0.0047
Train Epoch: 16 [1268/1268 (100%)] Loss: 0.277856 (avg: 0.310224)  sec/iter: 0.0045
Train Epoch: 17 [1268/1268 (100%)] Loss: 0.131672 (avg: 0.308928)  sec/iter: 0.0046
Train Epoch: 18 [1268/1268 (100%)] Loss: 0.140099 (avg: 0.306009)  sec/iter: 0.0043
Train Epoch: 19 [1268/1268 (100%)] Loss: 0.367548 (avg: 0.308299)  sec/iter: 0.0045
Train Epoch: 20 [1268/1268 (100%)] Loss: 0.237332 (avg: 0.310233)  sec/iter: 0.0044
Train Epoch: 21 [1268/1268 (100%)] Loss: 0.436629 (avg: 0.307617)  sec/iter: 0.0044
Train Epoch: 22 [1268/1268 (100%)] Loss: 0.381676 (avg: 0.304327)  sec/iter: 0.0045
Train Epoch: 23 [1268/1268 (100%)] Loss: 0.489940 (avg: 0.308792)  sec/iter: 0.0052
Train Epoch: 24 [1268/1268 (100%)] Loss: 0.248867 (avg: 0.307833)  sec/iter: 0.0045
Train Epoch: 25 [1268/1268 (100%)] Loss: 0.556916 (avg: 0.307705)  sec/iter: 0.0048
Train Epoch: 26 [1268/1268 (100%)] Loss: 0.386224 (avg: 0.308012)  sec/iter: 0.0048
Train Epoch: 27 [1268/1268 (100%)] Loss: 0.381642 (avg: 0.307922)  sec/iter: 0.0046
Train Epoch: 28 [1268/1268 (100%)] Loss: 0.430464 (avg: 0.306017)  sec/iter: 0.0045
Train Epoch: 29 [1268/1268 (100%)] Loss: 0.249077 (avg: 0.307395)  sec/iter: 0.0046
Train Epoch: 30 [1268/1268 (100%)] Loss: 0.246355 (avg: 0.303924)  sec/iter: 0.0048
Train Epoch: 31 [1268/1268 (100%)] Loss: 0.332475 (avg: 0.302562)  sec/iter: 0.0046
Train Epoch: 32 [1268/1268 (100%)] Loss: 0.255040 (avg: 0.304145)  sec/iter: 0.0047
Train Epoch: 33 [1268/1268 (100%)] Loss: 0.423675 (avg: 0.307110)  sec/iter: 0.0052
Train Epoch: 34 [1268/1268 (100%)] Loss: 0.212532 (avg: 0.303886)  sec/iter: 0.0049
Train Epoch: 35 [1268/1268 (100%)] Loss: 0.186926 (avg: 0.303268)  sec/iter: 0.0046
Train Epoch: 36 [1268/1268 (100%)] Loss: 0.393654 (avg: 0.304830)  sec/iter: 0.0046
Train Epoch: 37 [1268/1268 (100%)] Loss: 0.262016 (avg: 0.307668)  sec/iter: 0.0046
Train Epoch: 38 [1268/1268 (100%)] Loss: 0.257859 (avg: 0.305952)  sec/iter: 0.0046
Train Epoch: 39 [1268/1268 (100%)] Loss: 0.199700 (avg: 0.307124)  sec/iter: 0.0047
Train Epoch: 40 [1268/1268 (100%)] Loss: 0.416982 (avg: 0.306807)  sec/iter: 0.0047
Test set (epoch 40): Average loss: 0.3619, Accuracy: (84.24%), Recall: (86.03%), Precision: (70.87%), F1-Score: (77.29%), FPR: (0.18%)  sec/iter: 0.0068

fn_list(predict == 0 & label == 1): [232, 229, 1367, 1183, 762, 752, 755, 153, 759, 1190, 1188, 1522, 230]
fp_list(predict == 1 & label == 0): [1268, 236, 1244, 373, 1164, 162, 220, 170, 222, 1073, 1430, 583, 1048, 798, 1269, 1178, 1429, 150, 1177, 684, 160, 172, 1078, 1159, 1266, 1554, 1264, 1084, 796, 1549, 378, 1169, 1388, 1243, 223, 166, 1156]

[[87.37068965517241, 86.16849816849819, 80.504662004662, 82.6063196063196, 0.11764705882352941], [87.4030172413793, 83.51515151515152, 83.16661116661116, 82.81404248219664, 0.1044776119402985], [85.74353448275862, 90.06313131313132, 70.01201739437033, 78.5724420507029, 0.1583710407239819], [87.99568965517241, 86.4318181818182, 78.3393665158371, 81.59897630549804, 0.11428571428571428], [84.24107142857142, 86.02709382121147, 70.86507936507937, 77.29338015399397, 0.1778846153846154]]
5-fold cross validation avg acc (+- std): 86.55080049261085% (1.3764245767775616%), recall (+- std): 86.44113859996213% (2.0940909430396353%), precision (+- std): 76.577547289312% (5.247484584834148%), F1-Score (+- std): 80.57703211974223% (2.2346071046500127%), FPR (+- fpr): 0.1345332082316279% (0.028446541728046417%)
